.
в”ңв”Җв”Җ Bangumi
в”Ӯ   в”ңв”Җв”Җ Reпјҡд»Һйӣ¶ејҖе§Ӣзҡ„ејӮдё–з•Ңз”ҹжҙ»  дё§еӨұзҜҮ
в”Ӯ   в”Ӯ   в””в”Җв”Җ Season 1
в”Ӯ   в”Ӯ       в”ңв”Җв”Җ Re Zero kara Hajimeru Isekai Seikatsu S01E67.mkv
в”Ӯ   в”Ӯ       в”ңв”Җв”Җ Re Zero kara Hajimeru Isekai Seikatsu S01E68.mkv
в”Ӯ   в”Ӯ       в”ңв”Җв”Җ Re Zero kara Hajimeru Isekai Seikatsu S01E69.mkv
в”Ӯ   в”Ӯ       в”ңв”Җв”Җ Re Zero kara Hajimeru Isekai Seikatsu S01E70.mkv
в”Ӯ   в”Ӯ       в”ңв”Җв”Җ Re Zero kara Hajimeru Isekai Seikatsu S01E71.mkv
в”Ӯ   в”Ӯ       в”ңв”Җв”Җ Re Zero kara Hajimeru Isekai Seikatsu S01E72.mkv
в”Ӯ   в”Ӯ       в”ңв”Җв”Җ Re Zero kara Hajimeru Isekai Seikatsu S01E73.mkv
в”Ӯ   в”Ӯ       в”ңв”Җв”Җ Re Zero kara Hajimeru Isekai Seikatsu S01E74.mkv
в”Ӯ   в”Ӯ       в”ңв”Җв”Җ Re Zero kara Hajimeru Isekai Seikatsu S01E75.mkv
в”Ӯ   в”Ӯ       в””в”Җв”Җ Re Zero kara Hajimeru Isekai Seikatsu S01E76.mkv
в”Ӯ   в”ңв”Җв”Җ [DBD-Raws][жҹҗз§‘еӯҰзҡ„и¶…з”өзЈҒзӮ®T][01-25TVе…ЁйӣҶ][1080P][BDRip][HEVC-10bit][з®Җз№ҒеӨ–жҢӮ][FLAC][MKV]
в”Ӯ   в”Ӯ   в”ңв”Җв”Җ CDs
в”Ӯ   в”Ӯ   в”Ӯ   в”ңв”Җв”Җ 01
в”Ӯ   в”Ӯ   в”Ӯ   в”Ӯ   в”ңв”Җв”Җ жңӘзҹҘиүәжңҜе®¶ - жңӘзҹҘж Үйўҳ.cue
в”Ӯ   в”Ӯ   в”Ӯ   в”Ӯ   в”ңв”Җв”Җ йҹіиҪЁ01.flac
в”Ӯ   в”Ӯ   в”Ӯ   в”Ӯ   в”ңв”Җв”Җ йҹіиҪЁ02.flac
в”Ӯ   в”Ӯ   в”Ӯ   в”Ӯ   в”ңв”Җв”Җ йҹіиҪЁ03.flac
в”Ӯ   в”Ӯ   в”Ӯ   в”Ӯ   в”ңв”Җв”Җ йҹіиҪЁ04.flac
в”Ӯ   в”Ӯ   в”Ӯ   в”Ӯ   в””в”Җв”Җ йҹіиҪЁ05.flac
в”Ӯ   в”Ӯ   в”Ӯ   в”ңв”Җв”Җ 02
в”Ӯ   в”Ӯ   в”Ӯ   в”Ӯ   в”ңв”Җв”Җ жңӘзҹҘиүәжңҜе®¶ - жңӘзҹҘж Үйўҳ.cue
в”Ӯ   в”Ӯ   в”Ӯ   в”Ӯ   в”ңв”Җв”Җ жңӘзҹҘиүәжңҜе®¶ - жңӘзҹҘж Үйўҳ.log
в”Ӯ   в”Ӯ   в”Ӯ   в”Ӯ   в”ңв”Җв”Җ йҹіиҪЁ01.flac
в”Ӯ   в”Ӯ   в”Ӯ   в”Ӯ   в”ңв”Җв”Җ йҹіиҪЁ02.flac
в”Ӯ   в”Ӯ   в”Ӯ   в”Ӯ   в”ңв”Җв”Җ йҹіиҪЁ03.flac
в”Ӯ   в”Ӯ   в”Ӯ   в”Ӯ   в”ңв”Җв”Җ йҹіиҪЁ04.flac
в”Ӯ   в”Ӯ   в”Ӯ   в”Ӯ   в””в”Җв”Җ йҹіиҪЁ05.flac
в”Ӯ   в”Ӯ   в”Ӯ   в”ңв”Җв”Җ 03
в”Ӯ   в”Ӯ   в”Ӯ   в”Ӯ   в”ңв”Җв”Җ жңӘзҹҘиүәжңҜе®¶ - жңӘзҹҘж Үйўҳ.cue
в”Ӯ   в”Ӯ   в”Ӯ   в”Ӯ   в”ңв”Җв”Җ жңӘзҹҘиүәжңҜе®¶ - жңӘзҹҘж Үйўҳ.log
в”Ӯ   в”Ӯ   в”Ӯ   в”Ӯ   в”ңв”Җв”Җ йҹіиҪЁ01.flac
в”Ӯ   в”Ӯ   в”Ӯ   в”Ӯ   в”ңв”Җв”Җ йҹіиҪЁ02.flac
в”Ӯ   в”Ӯ   в”Ӯ   в”Ӯ   в”ңв”Җв”Җ йҹіиҪЁ03.flac
в”Ӯ   в”Ӯ   в”Ӯ   в”Ӯ   в”ңв”Җв”Җ йҹіиҪЁ04.flac
в”Ӯ   в”Ӯ   в”Ӯ   в”Ӯ   в””в”Җв”Җ йҹіиҪЁ05.flac
в”Ӯ   в”Ӯ   в”Ӯ   в”ңв”Җв”Җ 04
в”Ӯ   в”Ӯ   в”Ӯ   в”Ӯ   в”ңв”Җв”Җ жңӘзҹҘиүәжңҜе®¶ - жңӘзҹҘж Үйўҳ.cue
в”Ӯ   в”Ӯ   в”Ӯ   в”Ӯ   в”ңв”Җв”Җ жңӘзҹҘиүәжңҜе®¶ - жңӘзҹҘж Үйўҳ.log
в”Ӯ   в”Ӯ   в”Ӯ   в”Ӯ   в”ңв”Җв”Җ йҹіиҪЁ01.flac
в”Ӯ   в”Ӯ   в”Ӯ   в”Ӯ   в”ңв”Җв”Җ йҹіиҪЁ02.flac
в”Ӯ   в”Ӯ   в”Ӯ   в”Ӯ   в”ңв”Җв”Җ йҹіиҪЁ03.flac
в”Ӯ   в”Ӯ   в”Ӯ   в”Ӯ   в”ңв”Җв”Җ йҹіиҪЁ04.flac
в”Ӯ   в”Ӯ   в”Ӯ   в”Ӯ   в”ңв”Җв”Җ йҹіиҪЁ05.flac
в”Ӯ   в”Ӯ   в”Ӯ   в”Ӯ   в”ңв”Җв”Җ йҹіиҪЁ06.flac
в”Ӯ   в”Ӯ   в”Ӯ   в”Ӯ   в”ңв”Җв”Җ йҹіиҪЁ07.flac
в”Ӯ   в”Ӯ   в”Ӯ   в”Ӯ   в”ңв”Җв”Җ йҹіиҪЁ08.flac
в”Ӯ   в”Ӯ   в”Ӯ   в”Ӯ   в”ңв”Җв”Җ йҹіиҪЁ09.flac
в”Ӯ   в”Ӯ   в”Ӯ   в”Ӯ   в”ңв”Җв”Җ йҹіиҪЁ10.flac
в”Ӯ   в”Ӯ   в”Ӯ   в”Ӯ   в”ңв”Җв”Җ йҹіиҪЁ11.flac
в”Ӯ   в”Ӯ   в”Ӯ   в”Ӯ   в”ңв”Җв”Җ йҹіиҪЁ12.flac
в”Ӯ   в”Ӯ   в”Ӯ   в”Ӯ   в”ңв”Җв”Җ йҹіиҪЁ13.flac
в”Ӯ   в”Ӯ   в”Ӯ   в”Ӯ   в”ңв”Җв”Җ йҹіиҪЁ14.flac
в”Ӯ   в”Ӯ   в”Ӯ   в”Ӯ   в”ңв”Җв”Җ йҹіиҪЁ15.flac
в”Ӯ   в”Ӯ   в”Ӯ   в”Ӯ   в”ңв”Җв”Җ йҹіиҪЁ16.flac
в”Ӯ   в”Ӯ   в”Ӯ   в”Ӯ   в”ңв”Җв”Җ йҹіиҪЁ17.flac
в”Ӯ   в”Ӯ   в”Ӯ   в”Ӯ   в”ңв”Җв”Җ йҹіиҪЁ18.flac
в”Ӯ   в”Ӯ   в”Ӯ   в”Ӯ   в”ңв”Җв”Җ йҹіиҪЁ19.flac
в”Ӯ   в”Ӯ   в”Ӯ   в”Ӯ   в”ңв”Җв”Җ йҹіиҪЁ20.flac
в”Ӯ   в”Ӯ   в”Ӯ   в”Ӯ   в”ңв”Җв”Җ йҹіиҪЁ21.flac
в”Ӯ   в”Ӯ   в”Ӯ   в”Ӯ   в”ңв”Җв”Җ йҹіиҪЁ22.flac
в”Ӯ   в”Ӯ   в”Ӯ   в”Ӯ   в”ңв”Җв”Җ йҹіиҪЁ23.flac
в”Ӯ   в”Ӯ   в”Ӯ   в”Ӯ   в”ңв”Җв”Җ йҹіиҪЁ24.flac
в”Ӯ   в”Ӯ   в”Ӯ   в”Ӯ   в”ңв”Җв”Җ йҹіиҪЁ25.flac
в”Ӯ   в”Ӯ   в”Ӯ   в”Ӯ   в”ңв”Җв”Җ йҹіиҪЁ26.flac
в”Ӯ   в”Ӯ   в”Ӯ   в”Ӯ   в”ңв”Җв”Җ йҹіиҪЁ27.flac
в”Ӯ   в”Ӯ   в”Ӯ   в”Ӯ   в”ңв”Җв”Җ йҹіиҪЁ28.flac
в”Ӯ   в”Ӯ   в”Ӯ   в”Ӯ   в”ңв”Җв”Җ йҹіиҪЁ29.flac
в”Ӯ   в”Ӯ   в”Ӯ   в”Ӯ   в””в”Җв”Җ йҹіиҪЁ30.flac
в”Ӯ   в”Ӯ   в”Ӯ   в”ңв”Җв”Җ 05
в”Ӯ   в”Ӯ   в”Ӯ   в”Ӯ   в”ңв”Җв”Җ гҒЁгҒӮгӮӢгғ©гӮёгӮӘгҒ®и¶…йӣ»зЈҒз ІT гғ¬гғҮгӮЈгӮӘВ·е·Ёд№іеҫЎжүӢ.cue
в”Ӯ   в”Ӯ   в”Ӯ   в”Ӯ   в”ңв”Җв”Җ гҒЁгҒӮгӮӢгғ©гӮёгӮӘгҒ®и¶…йӣ»зЈҒз ІT гғ¬гғҮгӮЈгӮӘВ·е·Ёд№іеҫЎжүӢ.log
в”Ӯ   в”Ӯ   в”Ӯ   в”Ӯ   в”ңв”Җв”Җ гҒ©гҒҶгӮ„гӮүвҖҰгӮүгҒ—гҒ„гӮҲдјқиӘ¬.flac
в”Ӯ   в”Ӯ   в”Ӯ   в”Ӯ   в”ңв”Җв”Җ гӮЁгғігғҮгӮЈгғігӮ°.flac
в”Ӯ   в”Ӯ   в”Ӯ   в”Ӯ   в”ңв”Җв”Җ гӮӘгғјгғ—гғӢгғігӮ°.flac
в”Ӯ   в”Ӯ   в”Ӯ   в”Ӯ   в”ңв”Җв”Җ гғҲгғјгӮҜ.flac
в”Ӯ   в”Ӯ   в”Ӯ   в”Ӯ   в””в”Җв”Җ иғҪеҠӣеҲӨе®ҡжӨңжҹ»гҒ„гҒҹгҒ—гҒҫгҒҷ2020.flac
в”Ӯ   в”Ӯ   в”Ӯ   в”ңв”Җв”Җ 06
в”Ӯ   в”Ӯ   в”Ӯ   в”Ӯ   в”ңв”Җв”Җ гҒЁгҒӮгӮӢз§‘еӯҰгҒ®и¶…йӣ»зЈҒз ІT - гҒјгҒЈгҒЎгӮ№гғҠгӮӨгғ‘гғјгӮүгҒҳгҒҠ with й»’жҜӣ.cue
в”Ӯ   в”Ӯ   в”Ӯ   в”Ӯ   в”ңв”Җв”Җ гҒЁгҒӮгӮӢз§‘еӯҰгҒ®и¶…йӣ»зЈҒз ІT - гҒјгҒЈгҒЎгӮ№гғҠгӮӨгғ‘гғјгӮүгҒҳгҒҠ with й»’жҜӣ.log
в”Ӯ   в”Ӯ   в”Ӯ   в”Ӯ   в”ңв”Җв”Җ гӮЁгғігғҮгӮЈгғігӮ°.flac
в”Ӯ   в”Ӯ   в”Ӯ   в”Ӯ   в”ңв”Җв”Җ гӮӘгғјгғ—гғӢгғігӮ°.flac
в”Ӯ   в”Ӯ   в”Ӯ   в”Ӯ   в”ңв”Җв”Җ гғҲгғјгӮҜ.flac
в”Ӯ   в”Ӯ   в”Ӯ   в”Ӯ   в”ңв”Җв”Җ зө¶еҜҫиғҪеҠӣгғ¬гғҷгғ«6гғҗгғҲгғ«! feat_ еӨ§иҰҮжҳҹзҘӯ.flac
в”Ӯ   в”Ӯ   в”Ӯ   в”Ӯ   в””в”Җв”Җ иғҪеҠӣеҲӨе®ҡжӨңжҹ»гҒ„гҒҹгҒ—гҒҫгҒҷ2020.flac
в”Ӯ   в”Ӯ   в”Ӯ   в””в”Җв”Җ 07
в”Ӯ   в”Ӯ   в”Ӯ       в”ңв”Җв”Җ гҒЁгҒӮгӮӢз§‘еӯҰгҒ®и¶…йӣ»зЈҒз ІT - еұҚе–°йғЁйҡҠ(гӮ№гӮ«гғҷгғігӮёгғЈгғј)гғ©гӮёгӮӘ.cue
в”Ӯ   в”Ӯ   в”Ӯ       в”ңв”Җв”Җ гҒЁгҒӮгӮӢз§‘еӯҰгҒ®и¶…йӣ»зЈҒз ІT - еұҚе–°йғЁйҡҠ(гӮ№гӮ«гғҷгғігӮёгғЈгғј)гғ©гӮёгӮӘ.log
в”Ӯ   в”Ӯ   в”Ӯ       в”ңв”Җв”Җ гӮЁгғігғҮгӮЈгғігӮ°.flac
в”Ӯ   в”Ӯ   в”Ӯ       в”ңв”Җв”Җ гӮӘгғјгғ—гғӢгғігӮ°.flac
в”Ӯ   в”Ӯ   в”Ӯ       в”ңв”Җв”Җ гғҲгғјгӮҜ.flac
в”Ӯ   в”Ӯ   в”Ӯ       в””в”Җв”Җ зө¶еҜҫиғҪеҠӣгғ¬гғҷгғ«6гғҗгғҲгғ«!.flac
в”Ӯ   в”Ӯ   в”ңв”Җв”Җ Fonts
в”Ӯ   в”Ӯ   в”Ӯ   в””в”Җв”Җ Fonts.rar
в”Ӯ   в”Ӯ   в”ңв”Җв”Җ NCOP&NCED
в”Ӯ   в”Ӯ   в”Ӯ   в”ңв”Җв”Җ [DBD-Raws][Toaru Kagaku no Railgun T][NCED1][1080P][BDRip][HEVC-10bit][FLAC].mkv
в”Ӯ   в”Ӯ   в”Ӯ   в”ңв”Җв”Җ [DBD-Raws][Toaru Kagaku no Railgun T][NCED2][1080P][BDRip][HEVC-10bit][FLAC].mkv
в”Ӯ   в”Ӯ   в”Ӯ   в”ңв”Җв”Җ [DBD-Raws][Toaru Kagaku no Railgun T][NCOP1][1080P][BDRip][HEVC-10bit][FLAC].mkv
в”Ӯ   в”Ӯ   в”Ӯ   в””в”Җв”Җ [DBD-Raws][Toaru Kagaku no Railgun T][NCOP2][1080P][BDRip][HEVC-10bit][FLAC].mkv
в”Ӯ   в”Ӯ   в”ңв”Җв”Җ PV
в”Ӯ   в”Ӯ   в”Ӯ   в”ңв”Җв”Җ [DBD-Raws][Toaru Kagaku no Railgun T][PV][01][1080P][BDRip][HEVC-10bit][FLAC].mkv
в”Ӯ   в”Ӯ   в”Ӯ   в”ңв”Җв”Җ [DBD-Raws][Toaru Kagaku no Railgun T][PV][02][1080P][BDRip][HEVC-10bit][FLAC].mkv
в”Ӯ   в”Ӯ   в”Ӯ   в”ңв”Җв”Җ [DBD-Raws][Toaru Kagaku no Railgun T][PV][03][1080P][BDRip][HEVC-10bit][FLAC].mkv
в”Ӯ   в”Ӯ   в”Ӯ   в”ңв”Җв”Җ [DBD-Raws][Toaru Kagaku no Railgun T][PV][04][1080P][BDRip][HEVC-10bit][FLAC].mkv
в”Ӯ   в”Ӯ   в”Ӯ   в””в”Җв”Җ [DBD-Raws][Toaru Kagaku no Railgun T][PV][05][1080P][BDRip][HEVC-10bit][FLAC].mkv
в”Ӯ   в”Ӯ   в”ңв”Җв”Җ Scans
в”Ӯ   в”Ӯ   в”Ӯ   в”ңв”Җв”Җ 01
в”Ӯ   в”Ӯ   в”Ӯ   в”Ӯ   в”ңв”Җв”Җ Booklet
в”Ӯ   в”Ӯ   в”Ӯ   в”Ӯ   в”Ӯ   в”ңв”Җв”Җ 1.jpg
в”Ӯ   в”Ӯ   в”Ӯ   в”Ӯ   в”Ӯ   в”ңв”Җв”Җ 2.jpg
в”Ӯ   в”Ӯ   в”Ӯ   в”Ӯ   в”Ӯ   в”ңв”Җв”Җ 3.jpg
в”Ӯ   в”Ӯ   в”Ӯ   в”Ӯ   в”Ӯ   в”ңв”Җв”Җ 4.jpg
в”Ӯ   в”Ӯ   в”Ӯ   в”Ӯ   в”Ӯ   в”ңв”Җв”Җ 5.jpg
в”Ӯ   в”Ӯ   в”Ӯ   в”Ӯ   в”Ӯ   в””в”Җв”Җ 6.jpg
в”Ӯ   в”Ӯ   в”Ӯ   в”Ӯ   в”ңв”Җв”Җ Disc
в”Ӯ   в”Ӯ   в”Ӯ   в”Ӯ   в”Ӯ   в”ңв”Җв”Җ Back_with_OBI.jpg
в”Ӯ   в”Ӯ   в”Ӯ   в”Ӯ   в”Ӯ   в”ңв”Җв”Җ Cover&Back.jpg
в”Ӯ   в”Ӯ   в”Ӯ   в”Ӯ   в”Ӯ   в”ңв”Җв”Җ Cover_with_OBI.jpg
в”Ӯ   в”Ӯ   в”Ӯ   в”Ӯ   в”Ӯ   в”ңв”Җв”Җ Disc_left.jpg
в”Ӯ   в”Ӯ   в”Ӯ   в”Ӯ   в”Ӯ   в”ңв”Җв”Җ Disc_right.jpg
в”Ӯ   в”Ӯ   в”Ӯ   в”Ӯ   в”Ӯ   в”ңв”Җв”Җ Inside_with_disc.jpg
в”Ӯ   в”Ӯ   в”Ӯ   в”Ӯ   в”Ӯ   в”ңв”Җв”Җ Inside_without_disc.jpg
в”Ӯ   в”Ӯ   в”Ӯ   в”Ӯ   в”Ӯ   в”ңв”Җв”Җ Middle.jpg
в”Ӯ   в”Ӯ   в”Ӯ   в”Ӯ   в”Ӯ   в””в”Җв”Җ OBI.jpg
в”Ӯ   в”Ӯ   в”Ӯ   в”Ӯ   в”ңв”Җв”Җ Novel
в”Ӯ   в”Ӯ   в”Ӯ   в”Ӯ   в”Ӯ   в”ңв”Җв”Җ 1.jpg
в”Ӯ   в”Ӯ   в”Ӯ   в”Ӯ   в”Ӯ   в”ңв”Җв”Җ 10.jpg
в”Ӯ   в”Ӯ   в”Ӯ   в”Ӯ   в”Ӯ   в”ңв”Җв”Җ 11.jpg
в”Ӯ   в”Ӯ   в”Ӯ   в”Ӯ   в”Ӯ   в”ңв”Җв”Җ 12.jpg
в”Ӯ   в”Ӯ   в”Ӯ   в”Ӯ   в”Ӯ   в”ңв”Җв”Җ 13.jpg
в”Ӯ   в”Ӯ   в”Ӯ   в”Ӯ   в”Ӯ   в”ңв”Җв”Җ 14.jpg
в”Ӯ   в”Ӯ   в”Ӯ   в”Ӯ   в”Ӯ   в”ңв”Җв”Җ 15.jpg
в”Ӯ   в”Ӯ   в”Ӯ   в”Ӯ   в”Ӯ   в”ңв”Җв”Җ 2.jpg
в”Ӯ   в”Ӯ   в”Ӯ   в”Ӯ   в”Ӯ   в”ңв”Җв”Җ 3.jpg
в”Ӯ   в”Ӯ   в”Ӯ   в”Ӯ   в”Ӯ   в”ңв”Җв”Җ 4.jpg
в”Ӯ   в”Ӯ   в”Ӯ   в”Ӯ   в”Ӯ   в”ңв”Җв”Җ 5.jpg
в”Ӯ   в”Ӯ   в”Ӯ   в”Ӯ   в”Ӯ   в”ңв”Җв”Җ 6.jpg
в”Ӯ   в”Ӯ   в”Ӯ   в”Ӯ   в”Ӯ   в”ңв”Җв”Җ 7.jpg
в”Ӯ   в”Ӯ   в”Ӯ   в”Ӯ   в”Ӯ   в”ңв”Җв”Җ 8.jpg
в”Ӯ   в”Ӯ   в”Ӯ   в”Ӯ   в”Ӯ   в”ңв”Җв”Җ 9.jpg
в”Ӯ   в”Ӯ   в”Ӯ   в”Ӯ   в”Ӯ   в””в”Җв”Җ Cover&Back.jpg
в”Ӯ   в”Ӯ   в”Ӯ   в”Ӯ   в””в”Җв”Җ Others
в”Ӯ   в”Ӯ   в”Ӯ   в”Ӯ       в”ңв”Җв”Җ A Certain Radio Railgun cover.jpg
в”Ӯ   в”Ӯ   в”Ӯ   в”Ӯ       в”ңв”Җв”Җ Read first.jpg
в”Ӯ   в”Ӯ   в”Ӯ   в”Ӯ       в””в”Җв”Җ гӮӨгғҷгғігғҲгғҒгӮұгғғгғҲе„Әе…ҲиІ©еЈІз”іиҫјеҲё(жҳјгҒ®йғЁ).jpg
в”Ӯ   в”Ӯ   в”Ӯ   в”ңв”Җв”Җ 02
в”Ӯ   в”Ӯ   в”Ӯ   в”Ӯ   в”ңв”Җв”Җ Booklet
в”Ӯ   в”Ӯ   в”Ӯ   в”Ӯ   в”Ӯ   в”ңв”Җв”Җ 1.jpg
в”Ӯ   в”Ӯ   в”Ӯ   в”Ӯ   в”Ӯ   в”ңв”Җв”Җ 2.jpg
в”Ӯ   в”Ӯ   в”Ӯ   в”Ӯ   в”Ӯ   в”ңв”Җв”Җ 3.jpg
в”Ӯ   в”Ӯ   в”Ӯ   в”Ӯ   в”Ӯ   в”ңв”Җв”Җ 4.jpg
в”Ӯ   в”Ӯ   в”Ӯ   в”Ӯ   в”Ӯ   в”ңв”Җв”Җ 5.jpg
в”Ӯ   в”Ӯ   в”Ӯ   в”Ӯ   в”Ӯ   в””в”Җв”Җ 6.jpg
в”Ӯ   в”Ӯ   в”Ӯ   в”Ӯ   в”ңв”Җв”Җ Disc
в”Ӯ   в”Ӯ   в”Ӯ   в”Ӯ   в”Ӯ   в”ңв”Җв”Җ Cover&Back.jpg
в”Ӯ   в”Ӯ   в”Ӯ   в”Ӯ   в”Ӯ   в”ңв”Җв”Җ Disc_left.jpg
в”Ӯ   в”Ӯ   в”Ӯ   в”Ӯ   в”Ӯ   в”ңв”Җв”Җ Disc_right.jpg
в”Ӯ   в”Ӯ   в”Ӯ   в”Ӯ   в”Ӯ   в”ңв”Җв”Җ Inside_with_disc.jpg
в”Ӯ   в”Ӯ   в”Ӯ   в”Ӯ   в”Ӯ   в”ңв”Җв”Җ Inside_without_disc.jpg
в”Ӯ   в”Ӯ   в”Ӯ   в”Ӯ   в”Ӯ   в””в”Җв”Җ OBI.jpg
в”Ӯ   в”Ӯ   в”Ӯ   в”Ӯ   в”ңв”Җв”Җ Novel
в”Ӯ   в”Ӯ   в”Ӯ   в”Ӯ   в”Ӯ   в”ңв”Җв”Җ 1.jpg
в”Ӯ   в”Ӯ   в”Ӯ   в”Ӯ   в”Ӯ   в”ңв”Җв”Җ 10.jpg
в”Ӯ   в”Ӯ   в”Ӯ   в”Ӯ   в”Ӯ   в”ңв”Җв”Җ 11.jpg
в”Ӯ   в”Ӯ   в”Ӯ   в”Ӯ   в”Ӯ   в”ңв”Җв”Җ 12.jpg
в”Ӯ   в”Ӯ   в”Ӯ   в”Ӯ   в”Ӯ   в”ңв”Җв”Җ 13.jpg
в”Ӯ   в”Ӯ   в”Ӯ   в”Ӯ   в”Ӯ   в”ңв”Җв”Җ 14.jpg
в”Ӯ   в”Ӯ   в”Ӯ   в”Ӯ   в”Ӯ   в”ңв”Җв”Җ 15.jpg
в”Ӯ   в”Ӯ   в”Ӯ   в”Ӯ   в”Ӯ   в”ңв”Җв”Җ 2.jpg
в”Ӯ   в”Ӯ   в”Ӯ   в”Ӯ   в”Ӯ   в”ңв”Җв”Җ 3.jpg
в”Ӯ   в”Ӯ   в”Ӯ   в”Ӯ   в”Ӯ   в”ңв”Җв”Җ 4.jpg
в”Ӯ   в”Ӯ   в”Ӯ   в”Ӯ   в”Ӯ   в”ңв”Җв”Җ 5.jpg
в”Ӯ   в”Ӯ   в”Ӯ   в”Ӯ   в”Ӯ   в”ңв”Җв”Җ 6.jpg
в”Ӯ   в”Ӯ   в”Ӯ   в”Ӯ   в”Ӯ   в”ңв”Җв”Җ 7.jpg
в”Ӯ   в”Ӯ   в”Ӯ   в”Ӯ   в”Ӯ   в”ңв”Җв”Җ 8.jpg
в”Ӯ   в”Ӯ   в”Ӯ   в”Ӯ   в”Ӯ   в”ңв”Җв”Җ 9.jpg
в”Ӯ   в”Ӯ   в”Ӯ   в”Ӯ   в”Ӯ   в””в”Җв”Җ Cover&Back.jpg
в”Ӯ   в”Ӯ   в”Ӯ   в”Ӯ   в””в”Җв”Җ Others
в”Ӯ   в”Ӯ   в”Ӯ   в”Ӯ       в”ңв”Җв”Җ A Certain Radio Railgun cover.jpg
в”Ӯ   в”Ӯ   в”Ӯ   в”Ӯ       в””в”Җв”Җ Read first.jpg
в”Ӯ   в”Ӯ   в”Ӯ   в”ңв”Җв”Җ 03
в”Ӯ   в”Ӯ   в”Ӯ   в”Ӯ   в”ңв”Җв”Җ Booklet
в”Ӯ   в”Ӯ   в”Ӯ   в”Ӯ   в”Ӯ   в”ңв”Җв”Җ 1.jpg
в”Ӯ   в”Ӯ   в”Ӯ   в”Ӯ   в”Ӯ   в”ңв”Җв”Җ 2.jpg
в”Ӯ   в”Ӯ   в”Ӯ   в”Ӯ   в”Ӯ   в”ңв”Җв”Җ 3.jpg
в”Ӯ   в”Ӯ   в”Ӯ   в”Ӯ   в”Ӯ   в”ңв”Җв”Җ 4.jpg
в”Ӯ   в”Ӯ   в”Ӯ   в”Ӯ   в”Ӯ   в”ңв”Җв”Җ 5.jpg
в”Ӯ   в”Ӯ   в”Ӯ   в”Ӯ   в”Ӯ   в””в”Җв”Җ 6.jpg
в”Ӯ   в”Ӯ   в”Ӯ   в”Ӯ   в”ңв”Җв”Җ Disc
в”Ӯ   в”Ӯ   в”Ӯ   в”Ӯ   в”Ӯ   в”ңв”Җв”Җ Cover&Back.jpg
в”Ӯ   в”Ӯ   в”Ӯ   в”Ӯ   в”Ӯ   в”ңв”Җв”Җ Disc_left.jpg
в”Ӯ   в”Ӯ   в”Ӯ   в”Ӯ   в”Ӯ   в”ңв”Җв”Җ Disc_right.jpg
в”Ӯ   в”Ӯ   в”Ӯ   в”Ӯ   в”Ӯ   в”ңв”Җв”Җ Inside_with_disc.jpg
в”Ӯ   в”Ӯ   в”Ӯ   в”Ӯ   в”Ӯ   в”ңв”Җв”Җ Inside_without_disc.jpg
в”Ӯ   в”Ӯ   в”Ӯ   в”Ӯ   в”Ӯ   в””в”Җв”Җ OBI.jpg
в”Ӯ   в”Ӯ   в”Ӯ   в”Ӯ   в”ңв”Җв”Җ Novel
в”Ӯ   в”Ӯ   в”Ӯ   в”Ӯ   в”Ӯ   в”ңв”Җв”Җ 1.jpg
в”Ӯ   в”Ӯ   в”Ӯ   в”Ӯ   в”Ӯ   в”ңв”Җв”Җ 10.jpg
в”Ӯ   в”Ӯ   в”Ӯ   в”Ӯ   в”Ӯ   в”ңв”Җв”Җ 11.jpg
в”Ӯ   в”Ӯ   в”Ӯ   в”Ӯ   в”Ӯ   в”ңв”Җв”Җ 12.jpg
в”Ӯ   в”Ӯ   в”Ӯ   в”Ӯ   в”Ӯ   в”ңв”Җв”Җ 13.jpg
в”Ӯ   в”Ӯ   в”Ӯ   в”Ӯ   в”Ӯ   в”ңв”Җв”Җ 14.jpg
в”Ӯ   в”Ӯ   в”Ӯ   в”Ӯ   в”Ӯ   в”ңв”Җв”Җ 15.jpg
в”Ӯ   в”Ӯ   в”Ӯ   в”Ӯ   в”Ӯ   в”ңв”Җв”Җ 2.jpg
в”Ӯ   в”Ӯ   в”Ӯ   в”Ӯ   в”Ӯ   в”ңв”Җв”Җ 3.jpg
в”Ӯ   в”Ӯ   в”Ӯ   в”Ӯ   в”Ӯ   в”ңв”Җв”Җ 4.jpg
в”Ӯ   в”Ӯ   в”Ӯ   в”Ӯ   в”Ӯ   в”ңв”Җв”Җ 5.jpg
в”Ӯ   в”Ӯ   в”Ӯ   в”Ӯ   в”Ӯ   в”ңв”Җв”Җ 6.jpg
в”Ӯ   в”Ӯ   в”Ӯ   в”Ӯ   в”Ӯ   в”ңв”Җв”Җ 7.jpg
в”Ӯ   в”Ӯ   в”Ӯ   в”Ӯ   в”Ӯ   в”ңв”Җв”Җ 8.jpg
в”Ӯ   в”Ӯ   в”Ӯ   в”Ӯ   в”Ӯ   в”ңв”Җв”Җ 9.jpg
в”Ӯ   в”Ӯ   в”Ӯ   в”Ӯ   в”Ӯ   в””в”Җв”Җ Cover&Back.jpg
в”Ӯ   в”Ӯ   в”Ӯ   в”Ӯ   в””в”Җв”Җ Others
в”Ӯ   в”Ӯ   в”Ӯ   в”Ӯ       в”ңв”Җв”Җ A Certain Radio Railgun cover.jpg
в”Ӯ   в”Ӯ   в”Ӯ   в”Ӯ       в””в”Җв”Җ Read first.jpg
в”Ӯ   в”Ӯ   в”Ӯ   в”ңв”Җв”Җ 04
в”Ӯ   в”Ӯ   в”Ӯ   в”Ӯ   в”ңв”Җв”Җ Booklet
в”Ӯ   в”Ӯ   в”Ӯ   в”Ӯ   в”Ӯ   в”ңв”Җв”Җ 1.jpg
в”Ӯ   в”Ӯ   в”Ӯ   в”Ӯ   в”Ӯ   в”ңв”Җв”Җ 2.jpg
в”Ӯ   в”Ӯ   в”Ӯ   в”Ӯ   в”Ӯ   в”ңв”Җв”Җ 3.jpg
в”Ӯ   в”Ӯ   в”Ӯ   в”Ӯ   в”Ӯ   в”ңв”Җв”Җ 4.jpg
в”Ӯ   в”Ӯ   в”Ӯ   в”Ӯ   в”Ӯ   в”ңв”Җв”Җ 5.jpg
в”Ӯ   в”Ӯ   в”Ӯ   в”Ӯ   в”Ӯ   в””в”Җв”Җ 6.jpg
в”Ӯ   в”Ӯ   в”Ӯ   в”Ӯ   в”ңв”Җв”Җ Box
в”Ӯ   в”Ӯ   в”Ӯ   в”Ӯ   в”Ӯ   в”ңв”Җв”Җ 001.jpg
в”Ӯ   в”Ӯ   в”Ӯ   в”Ӯ   в”Ӯ   в”ңв”Җв”Җ 002.jpg
в”Ӯ   в”Ӯ   в”Ӯ   в”Ӯ   в”Ӯ   в”ңв”Җв”Җ 003.jpg
в”Ӯ   в”Ӯ   в”Ӯ   в”Ӯ   в”Ӯ   в”ңв”Җв”Җ 004.jpg
в”Ӯ   в”Ӯ   в”Ӯ   в”Ӯ   в”Ӯ   в”ңв”Җв”Җ 005.jpg
в”Ӯ   в”Ӯ   в”Ӯ   в”Ӯ   в”Ӯ   в”ңв”Җв”Җ 006.jpg
в”Ӯ   в”Ӯ   в”Ӯ   в”Ӯ   в”Ӯ   в”ңв”Җв”Җ 008.jpg
в”Ӯ   в”Ӯ   в”Ӯ   в”Ӯ   в”Ӯ   в””в”Җв”Җ 043.jpg
в”Ӯ   в”Ӯ   в”Ӯ   в”Ӯ   в”ңв”Җв”Җ Disc
в”Ӯ   в”Ӯ   в”Ӯ   в”Ӯ   в”Ӯ   в”ңв”Җв”Җ Cover&Back.jpg
в”Ӯ   в”Ӯ   в”Ӯ   в”Ӯ   в”Ӯ   в”ңв”Җв”Җ Cover_with_OBI.jpg
в”Ӯ   в”Ӯ   в”Ӯ   в”Ӯ   в”Ӯ   в”ңв”Җв”Җ Disc_left.jpg
в”Ӯ   в”Ӯ   в”Ӯ   в”Ӯ   в”Ӯ   в”ңв”Җв”Җ Disc_right.jpg
в”Ӯ   в”Ӯ   в”Ӯ   в”Ӯ   в”Ӯ   в”ңв”Җв”Җ Inside_with_disc.jpg
в”Ӯ   в”Ӯ   в”Ӯ   в”Ӯ   в”Ӯ   в”ңв”Җв”Җ Inside_without_disc.jpg
в”Ӯ   в”Ӯ   в”Ӯ   в”Ӯ   в”Ӯ   в”ңв”Җв”Җ Middle.jpg
в”Ӯ   в”Ӯ   в”Ӯ   в”Ӯ   в”Ӯ   в””в”Җв”Җ OBI.jpg
в”Ӯ   в”Ӯ   в”Ӯ   в”Ӯ   в”ңв”Җв”Җ Novel
в”Ӯ   в”Ӯ   в”Ӯ   в”Ӯ   в”Ӯ   в”ңв”Җв”Җ 1.jpg
в”Ӯ   в”Ӯ   в”Ӯ   в”Ӯ   в”Ӯ   в”ңв”Җв”Җ 10.jpg
в”Ӯ   в”Ӯ   в”Ӯ   в”Ӯ   в”Ӯ   в”ңв”Җв”Җ 11.jpg
в”Ӯ   в”Ӯ   в”Ӯ   в”Ӯ   в”Ӯ   в”ңв”Җв”Җ 12.jpg
в”Ӯ   в”Ӯ   в”Ӯ   в”Ӯ   в”Ӯ   в”ңв”Җв”Җ 13.jpg
в”Ӯ   в”Ӯ   в”Ӯ   в”Ӯ   в”Ӯ   в”ңв”Җв”Җ 14.jpg
в”Ӯ   в”Ӯ   в”Ӯ   в”Ӯ   в”Ӯ   в”ңв”Җв”Җ 15.jpg
в”Ӯ   в”Ӯ   в”Ӯ   в”Ӯ   в”Ӯ   в”ңв”Җв”Җ 2.jpg
в”Ӯ   в”Ӯ   в”Ӯ   в”Ӯ   в”Ӯ   в”ңв”Җв”Җ 3.jpg
в”Ӯ   в”Ӯ   в”Ӯ   в”Ӯ   в”Ӯ   в”ңв”Җв”Җ 4.jpg
в”Ӯ   в”Ӯ   в”Ӯ   в”Ӯ   в”Ӯ   в”ңв”Җв”Җ 5.jpg
в”Ӯ   в”Ӯ   в”Ӯ   в”Ӯ   в”Ӯ   в”ңв”Җв”Җ 6.jpg
в”Ӯ   в”Ӯ   в”Ӯ   в”Ӯ   в”Ӯ   в”ңв”Җв”Җ 7.jpg
в”Ӯ   в”Ӯ   в”Ӯ   в”Ӯ   в”Ӯ   в”ңв”Җв”Җ 8.jpg
в”Ӯ   в”Ӯ   в”Ӯ   в”Ӯ   в”Ӯ   в”ңв”Җв”Җ 9.jpg
в”Ӯ   в”Ӯ   в”Ӯ   в”Ӯ   в”Ӯ   в””в”Җв”Җ Cover&Back.jpg
в”Ӯ   в”Ӯ   в”Ӯ   в”Ӯ   в””в”Җв”Җ Others
в”Ӯ   в”Ӯ   в”Ӯ   в”Ӯ       в”ңв”Җв”Җ ORIGINAL SOUNDTRACK.jpg
в”Ӯ   в”Ӯ   в”Ӯ   в”Ӯ       в””в”Җв”Җ Read first.jpg
в”Ӯ   в”Ӯ   в”Ӯ   в”ңв”Җв”Җ 05
в”Ӯ   в”Ӯ   в”Ӯ   в”Ӯ   в”ңв”Җв”Җ BD.jpg
в”Ӯ   в”Ӯ   в”Ӯ   в”Ӯ   в”ңв”Җв”Җ Booklet
в”Ӯ   в”Ӯ   в”Ӯ   в”Ӯ   в”Ӯ   в”ңв”Җв”Җ img001.jpg
в”Ӯ   в”Ӯ   в”Ӯ   в”Ӯ   в”Ӯ   в”ңв”Җв”Җ img002.jpg
в”Ӯ   в”Ӯ   в”Ӯ   в”Ӯ   в”Ӯ   в”ңв”Җв”Җ img003.jpg
в”Ӯ   в”Ӯ   в”Ӯ   в”Ӯ   в”Ӯ   в”ңв”Җв”Җ img004.jpg
в”Ӯ   в”Ӯ   в”Ӯ   в”Ӯ   в”Ӯ   в”ңв”Җв”Җ img005.jpg
в”Ӯ   в”Ӯ   в”Ӯ   в”Ӯ   в”Ӯ   в”ңв”Җв”Җ img006.jpg
в”Ӯ   в”Ӯ   в”Ӯ   в”Ӯ   в”Ӯ   в””в”Җв”Җ img007.jpg
в”Ӯ   в”Ӯ   в”Ӯ   в”Ӯ   в”ңв”Җв”Җ CD.jpg
в”Ӯ   в”Ӯ   в”Ӯ   в”Ӯ   в”ңв”Җв”Җ Cast&Staff.jpg
в”Ӯ   в”Ӯ   в”Ӯ   в”Ӯ   в”ңв”Җв”Җ Digipak-Back.jpg
в”Ӯ   в”Ӯ   в”Ӯ   в”Ӯ   в”ңв”Җв”Җ Digipak-Inside.jpg
в”Ӯ   в”Ӯ   в”Ӯ   в”Ӯ   в”ңв”Җв”Җ Novel
в”Ӯ   в”Ӯ   в”Ӯ   в”Ӯ   в”Ӯ   в”ңв”Җв”Җ img001.jpg
в”Ӯ   в”Ӯ   в”Ӯ   в”Ӯ   в”Ӯ   в”ңв”Җв”Җ img002.jpg
в”Ӯ   в”Ӯ   в”Ӯ   в”Ӯ   в”Ӯ   в”ңв”Җв”Җ img003.jpg
в”Ӯ   в”Ӯ   в”Ӯ   в”Ӯ   в”Ӯ   в”ңв”Җв”Җ img004.jpg
в”Ӯ   в”Ӯ   в”Ӯ   в”Ӯ   в”Ӯ   в”ңв”Җв”Җ img005.jpg
в”Ӯ   в”Ӯ   в”Ӯ   в”Ӯ   в”Ӯ   в”ңв”Җв”Җ img006.jpg
в”Ӯ   в”Ӯ   в”Ӯ   в”Ӯ   в”Ӯ   в”ңв”Җв”Җ img007.jpg
в”Ӯ   в”Ӯ   в”Ӯ   в”Ӯ   в”Ӯ   в”ңв”Җв”Җ img008.jpg
в”Ӯ   в”Ӯ   в”Ӯ   в”Ӯ   в”Ӯ   в”ңв”Җв”Җ img009.jpg
в”Ӯ   в”Ӯ   в”Ӯ   в”Ӯ   в”Ӯ   в”ңв”Җв”Җ img010.jpg
в”Ӯ   в”Ӯ   в”Ӯ   в”Ӯ   в”Ӯ   в”ңв”Җв”Җ img011.jpg
в”Ӯ   в”Ӯ   в”Ӯ   в”Ӯ   в”Ӯ   в”ңв”Җв”Җ img012.jpg
в”Ӯ   в”Ӯ   в”Ӯ   в”Ӯ   в”Ӯ   в”ңв”Җв”Җ img013.jpg
в”Ӯ   в”Ӯ   в”Ӯ   в”Ӯ   в”Ӯ   в”ңв”Җв”Җ img014.jpg
в”Ӯ   в”Ӯ   в”Ӯ   в”Ӯ   в”Ӯ   в”ңв”Җв”Җ img015.jpg
в”Ӯ   в”Ӯ   в”Ӯ   в”Ӯ   в”Ӯ   в”ңв”Җв”Җ img016.jpg
в”Ӯ   в”Ӯ   в”Ӯ   в”Ӯ   в”Ӯ   в””в”Җв”Җ img017.jpg
в”Ӯ   в”Ӯ   в”Ӯ   в”Ӯ   в””в”Җв”Җ Obi.jpg
в”Ӯ   в”Ӯ   в”Ӯ   в”ңв”Җв”Җ 06
в”Ӯ   в”Ӯ   в”Ӯ   в”Ӯ   в”ңв”Җв”Җ BD.jpg
в”Ӯ   в”Ӯ   в”Ӯ   в”Ӯ   в”ңв”Җв”Җ Booklet
в”Ӯ   в”Ӯ   в”Ӯ   в”Ӯ   в”Ӯ   в”ңв”Җв”Җ img001.jpg
в”Ӯ   в”Ӯ   в”Ӯ   в”Ӯ   в”Ӯ   в”ңв”Җв”Җ img002.jpg
в”Ӯ   в”Ӯ   в”Ӯ   в”Ӯ   в”Ӯ   в”ңв”Җв”Җ img003.jpg
в”Ӯ   в”Ӯ   в”Ӯ   в”Ӯ   в”Ӯ   в”ңв”Җв”Җ img004.jpg
в”Ӯ   в”Ӯ   в”Ӯ   в”Ӯ   в”Ӯ   в”ңв”Җв”Җ img005.jpg
в”Ӯ   в”Ӯ   в”Ӯ   в”Ӯ   в”Ӯ   в”ңв”Җв”Җ img006.jpg
в”Ӯ   в”Ӯ   в”Ӯ   в”Ӯ   в”Ӯ   в””в”Җв”Җ img007.jpg
в”Ӯ   в”Ӯ   в”Ӯ   в”Ӯ   в”ңв”Җв”Җ CD.jpg
в”Ӯ   в”Ӯ   в”Ӯ   в”Ӯ   в”ңв”Җв”Җ Cast&Staff.jpg
в”Ӯ   в”Ӯ   в”Ӯ   в”Ӯ   в”ңв”Җв”Җ Digipak-Back.jpg
в”Ӯ   в”Ӯ   в”Ӯ   в”Ӯ   в”ңв”Җв”Җ Digipak-Inside.jpg
в”Ӯ   в”Ӯ   в”Ӯ   в”Ӯ   в”ңв”Җв”Җ Novel
в”Ӯ   в”Ӯ   в”Ӯ   в”Ӯ   в”Ӯ   в”ңв”Җв”Җ img001.jpg
в”Ӯ   в”Ӯ   в”Ӯ   в”Ӯ   в”Ӯ   в”ңв”Җв”Җ img002.jpg
в”Ӯ   в”Ӯ   в”Ӯ   в”Ӯ   в”Ӯ   в”ңв”Җв”Җ img003.jpg
в”Ӯ   в”Ӯ   в”Ӯ   в”Ӯ   в”Ӯ   в”ңв”Җв”Җ img004.jpg
в”Ӯ   в”Ӯ   в”Ӯ   в”Ӯ   в”Ӯ   в”ңв”Җв”Җ img005.jpg
в”Ӯ   в”Ӯ   в”Ӯ   в”Ӯ   в”Ӯ   в”ңв”Җв”Җ img006.jpg
в”Ӯ   в”Ӯ   в”Ӯ   в”Ӯ   в”Ӯ   в”ңв”Җв”Җ img007.jpg
в”Ӯ   в”Ӯ   в”Ӯ   в”Ӯ   в”Ӯ   в”ңв”Җв”Җ img008.jpg
в”Ӯ   в”Ӯ   в”Ӯ   в”Ӯ   в”Ӯ   в”ңв”Җв”Җ img009.jpg
в”Ӯ   в”Ӯ   в”Ӯ   в”Ӯ   в”Ӯ   в”ңв”Җв”Җ img010.jpg
в”Ӯ   в”Ӯ   в”Ӯ   в”Ӯ   в”Ӯ   в”ңв”Җв”Җ img011.jpg
в”Ӯ   в”Ӯ   в”Ӯ   в”Ӯ   в”Ӯ   в”ңв”Җв”Җ img012.jpg
в”Ӯ   в”Ӯ   в”Ӯ   в”Ӯ   в”Ӯ   в”ңв”Җв”Җ img013.jpg
в”Ӯ   в”Ӯ   в”Ӯ   в”Ӯ   в”Ӯ   в”ңв”Җв”Җ img014.jpg
в”Ӯ   в”Ӯ   в”Ӯ   в”Ӯ   в”Ӯ   в”ңв”Җв”Җ img015.jpg
в”Ӯ   в”Ӯ   в”Ӯ   в”Ӯ   в”Ӯ   в”ңв”Җв”Җ img016.jpg
в”Ӯ   в”Ӯ   в”Ӯ   в”Ӯ   в”Ӯ   в””в”Җв”Җ img017.jpg
в”Ӯ   в”Ӯ   в”Ӯ   в”Ӯ   в””в”Җв”Җ Obi.jpg
в”Ӯ   в”Ӯ   в”Ӯ   в””в”Җв”Җ 07
в”Ӯ   в”Ӯ   в”Ӯ       в”ңв”Җв”Җ BD.jpg
в”Ӯ   в”Ӯ   в”Ӯ       в”ңв”Җв”Җ Booklet
в”Ӯ   в”Ӯ   в”Ӯ       в”Ӯ   в”ңв”Җв”Җ img001.jpg
в”Ӯ   в”Ӯ   в”Ӯ       в”Ӯ   в”ңв”Җв”Җ img002.jpg
в”Ӯ   в”Ӯ   в”Ӯ       в”Ӯ   в”ңв”Җв”Җ img003.jpg
в”Ӯ   в”Ӯ   в”Ӯ       в”Ӯ   в”ңв”Җв”Җ img004.jpg
в”Ӯ   в”Ӯ   в”Ӯ       в”Ӯ   в”ңв”Җв”Җ img005.jpg
в”Ӯ   в”Ӯ   в”Ӯ       в”Ӯ   в”ңв”Җв”Җ img006.jpg
в”Ӯ   в”Ӯ   в”Ӯ       в”Ӯ   в””в”Җв”Җ img007.jpg
в”Ӯ   в”Ӯ   в”Ӯ       в”ңв”Җв”Җ CD.jpg
в”Ӯ   в”Ӯ   в”Ӯ       в”ңв”Җв”Җ Cast&Staff.jpg
в”Ӯ   в”Ӯ   в”Ӯ       в”ңв”Җв”Җ Digipak-Back.jpg
в”Ӯ   в”Ӯ   в”Ӯ       в”ңв”Җв”Җ Digipak-Inside.jpg
в”Ӯ   в”Ӯ   в”Ӯ       в”ңв”Җв”Җ Novel
в”Ӯ   в”Ӯ   в”Ӯ       в”Ӯ   в”ңв”Җв”Җ img001.jpg
в”Ӯ   в”Ӯ   в”Ӯ       в”Ӯ   в”ңв”Җв”Җ img002.jpg
в”Ӯ   в”Ӯ   в”Ӯ       в”Ӯ   в”ңв”Җв”Җ img003.jpg
в”Ӯ   в”Ӯ   в”Ӯ       в”Ӯ   в”ңв”Җв”Җ img004.jpg
в”Ӯ   в”Ӯ   в”Ӯ       в”Ӯ   в”ңв”Җв”Җ img005.jpg
в”Ӯ   в”Ӯ   в”Ӯ       в”Ӯ   в”ңв”Җв”Җ img006.jpg
в”Ӯ   в”Ӯ   в”Ӯ       в”Ӯ   в”ңв”Җв”Җ img007.jpg
в”Ӯ   в”Ӯ   в”Ӯ       в”Ӯ   в”ңв”Җв”Җ img008.jpg
в”Ӯ   в”Ӯ   в”Ӯ       в”Ӯ   в”ңв”Җв”Җ img009.jpg
в”Ӯ   в”Ӯ   в”Ӯ       в”Ӯ   в”ңв”Җв”Җ img010.jpg
в”Ӯ   в”Ӯ   в”Ӯ       в”Ӯ   в”ңв”Җв”Җ img011.jpg
в”Ӯ   в”Ӯ   в”Ӯ       в”Ӯ   в”ңв”Җв”Җ img012.jpg
в”Ӯ   в”Ӯ   в”Ӯ       в”Ӯ   в”ңв”Җв”Җ img013.jpg
в”Ӯ   в”Ӯ   в”Ӯ       в”Ӯ   в”ңв”Җв”Җ img014.jpg
в”Ӯ   в”Ӯ   в”Ӯ       в”Ӯ   в”ңв”Җв”Җ img015.jpg
в”Ӯ   в”Ӯ   в”Ӯ       в”Ӯ   в”ңв”Җв”Җ img016.jpg
в”Ӯ   в”Ӯ   в”Ӯ       в”Ӯ   в””в”Җв”Җ img017.jpg
в”Ӯ   в”Ӯ   в”Ӯ       в””в”Җв”Җ Obi.jpg
в”Ӯ   в”Ӯ   в”ңв”Җв”Җ [DBD-Raws][Toaru Kagaku no Railgun T][01][1080P][BDRip][HEVC-10bit][FLACx2].mkv
в”Ӯ   в”Ӯ   в”ңв”Җв”Җ [DBD-Raws][Toaru Kagaku no Railgun T][01][1080P][BDRip][HEVC-10bit][FLACx2].sc.ass
в”Ӯ   в”Ӯ   в”ңв”Җв”Җ [DBD-Raws][Toaru Kagaku no Railgun T][01][1080P][BDRip][HEVC-10bit][FLACx2].tc.ass
в”Ӯ   в”Ӯ   в”ңв”Җв”Җ [DBD-Raws][Toaru Kagaku no Railgun T][02][1080P][BDRip][HEVC-10bit][FLAC].mkv
в”Ӯ   в”Ӯ   в”ңв”Җв”Җ [DBD-Raws][Toaru Kagaku no Railgun T][02][1080P][BDRip][HEVC-10bit][FLAC].sc.ass
в”Ӯ   в”Ӯ   в”ңв”Җв”Җ [DBD-Raws][Toaru Kagaku no Railgun T][02][1080P][BDRip][HEVC-10bit][FLAC].tc.ass
в”Ӯ   в”Ӯ   в”ңв”Җв”Җ [DBD-Raws][Toaru Kagaku no Railgun T][03][1080P][BDRip][HEVC-10bit][FLAC].mkv
в”Ӯ   в”Ӯ   в”ңв”Җв”Җ [DBD-Raws][Toaru Kagaku no Railgun T][03][1080P][BDRip][HEVC-10bit][FLAC].sc.ass
в”Ӯ   в”Ӯ   в”ңв”Җв”Җ [DBD-Raws][Toaru Kagaku no Railgun T][03][1080P][BDRip][HEVC-10bit][FLAC].tc.ass
в”Ӯ   в”Ӯ   в”ңв”Җв”Җ [DBD-Raws][Toaru Kagaku no Railgun T][04][1080P][BDRip][HEVC-10bit][FLACx2].mkv
в”Ӯ   в”Ӯ   в”ңв”Җв”Җ [DBD-Raws][Toaru Kagaku no Railgun T][04][1080P][BDRip][HEVC-10bit][FLACx2].sc.ass
в”Ӯ   в”Ӯ   в”ңв”Җв”Җ [DBD-Raws][Toaru Kagaku no Railgun T][04][1080P][BDRip][HEVC-10bit][FLACx2].tc.ass
в”Ӯ   в”Ӯ   в”ңв”Җв”Җ [DBD-Raws][Toaru Kagaku no Railgun T][05][1080P][BDRip][HEVC-10bit][FLAC].mkv
в”Ӯ   в”Ӯ   в”ңв”Җв”Җ [DBD-Raws][Toaru Kagaku no Railgun T][05][1080P][BDRip][HEVC-10bit][FLAC].sc.ass
в”Ӯ   в”Ӯ   в”ңв”Җв”Җ [DBD-Raws][Toaru Kagaku no Railgun T][05][1080P][BDRip][HEVC-10bit][FLAC].tc.ass
в”Ӯ   в”Ӯ   в”ңв”Җв”Җ [DBD-Raws][Toaru Kagaku no Railgun T][06][1080P][BDRip][HEVC-10bit][FLAC].mkv
в”Ӯ   в”Ӯ   в”ңв”Җв”Җ [DBD-Raws][Toaru Kagaku no Railgun T][06][1080P][BDRip][HEVC-10bit][FLAC].sc.ass
в”Ӯ   в”Ӯ   в”ңв”Җв”Җ [DBD-Raws][Toaru Kagaku no Railgun T][06][1080P][BDRip][HEVC-10bit][FLAC].tc.ass
в”Ӯ   в”Ӯ   в”ңв”Җв”Җ [DBD-Raws][Toaru Kagaku no Railgun T][07][1080P][BDRip][HEVC-10bit][FLAC].mkv
в”Ӯ   в”Ӯ   в”ңв”Җв”Җ [DBD-Raws][Toaru Kagaku no Railgun T][07][1080P][BDRip][HEVC-10bit][FLAC].sc.ass
в”Ӯ   в”Ӯ   в”ңв”Җв”Җ [DBD-Raws][Toaru Kagaku no Railgun T][07][1080P][BDRip][HEVC-10bit][FLAC].tc.ass
в”Ӯ   в”Ӯ   в”ңв”Җв”Җ [DBD-Raws][Toaru Kagaku no Railgun T][08][1080P][BDRip][HEVC-10bit][FLACx2].mkv
в”Ӯ   в”Ӯ   в”ңв”Җв”Җ [DBD-Raws][Toaru Kagaku no Railgun T][08][1080P][BDRip][HEVC-10bit][FLACx2].sc.ass
в”Ӯ   в”Ӯ   в”ңв”Җв”Җ [DBD-Raws][Toaru Kagaku no Railgun T][08][1080P][BDRip][HEVC-10bit][FLACx2].tc.ass
в”Ӯ   в”Ӯ   в”ңв”Җв”Җ [DBD-Raws][Toaru Kagaku no Railgun T][09][1080P][BDRip][HEVC-10bit][FLAC].mkv
в”Ӯ   в”Ӯ   в”ңв”Җв”Җ [DBD-Raws][Toaru Kagaku no Railgun T][09][1080P][BDRip][HEVC-10bit][FLAC].sc.ass
в”Ӯ   в”Ӯ   в”ңв”Җв”Җ [DBD-Raws][Toaru Kagaku no Railgun T][09][1080P][BDRip][HEVC-10bit][FLAC].tc.ass
в”Ӯ   в”Ӯ   в”ңв”Җв”Җ [DBD-Raws][Toaru Kagaku no Railgun T][10][1080P][BDRip][HEVC-10bit][FLAC].mkv
в”Ӯ   в”Ӯ   в”ңв”Җв”Җ [DBD-Raws][Toaru Kagaku no Railgun T][10][1080P][BDRip][HEVC-10bit][FLAC].sc.ass
в”Ӯ   в”Ӯ   в”ңв”Җв”Җ [DBD-Raws][Toaru Kagaku no Railgun T][10][1080P][BDRip][HEVC-10bit][FLAC].tc.ass
в”Ӯ   в”Ӯ   в”ңв”Җв”Җ [DBD-Raws][Toaru Kagaku no Railgun T][11][1080P][BDRip][HEVC-10bit][FLACx2].mkv
в”Ӯ   в”Ӯ   в”ңв”Җв”Җ [DBD-Raws][Toaru Kagaku no Railgun T][11][1080P][BDRip][HEVC-10bit][FLACx2].sc.ass
в”Ӯ   в”Ӯ   в”ңв”Җв”Җ [DBD-Raws][Toaru Kagaku no Railgun T][11][1080P][BDRip][HEVC-10bit][FLACx2].tc.ass
в”Ӯ   в”Ӯ   в”ңв”Җв”Җ [DBD-Raws][Toaru Kagaku no Railgun T][12][1080P][BDRip][HEVC-10bit][FLAC].mkv
в”Ӯ   в”Ӯ   в”ңв”Җв”Җ [DBD-Raws][Toaru Kagaku no Railgun T][12][1080P][BDRip][HEVC-10bit][FLAC].sc.ass
в”Ӯ   в”Ӯ   в”ңв”Җв”Җ [DBD-Raws][Toaru Kagaku no Railgun T][12][1080P][BDRip][HEVC-10bit][FLAC].tc.ass
в”Ӯ   в”Ӯ   в”ңв”Җв”Җ [DBD-Raws][Toaru Kagaku no Railgun T][13][1080P][BDRip][HEVC-10bit][FLAC].mkv
в”Ӯ   в”Ӯ   в”ңв”Җв”Җ [DBD-Raws][Toaru Kagaku no Railgun T][13][1080P][BDRip][HEVC-10bit][FLAC].sc.ass
в”Ӯ   в”Ӯ   в”ңв”Җв”Җ [DBD-Raws][Toaru Kagaku no Railgun T][13][1080P][BDRip][HEVC-10bit][FLAC].tc.ass
в”Ӯ   в”Ӯ   в”ңв”Җв”Җ [DBD-Raws][Toaru Kagaku no Railgun T][14][1080P][BDRip][HEVC-10bit][FLAC].mkv
в”Ӯ   в”Ӯ   в”ңв”Җв”Җ [DBD-Raws][Toaru Kagaku no Railgun T][14][1080P][BDRip][HEVC-10bit][FLAC].sc.ass
в”Ӯ   в”Ӯ   в”ңв”Җв”Җ [DBD-Raws][Toaru Kagaku no Railgun T][14][1080P][BDRip][HEVC-10bit][FLAC].tc.ass
в”Ӯ   в”Ӯ   в”ңв”Җв”Җ [DBD-Raws][Toaru Kagaku no Railgun T][15][1080P][BDRip][HEVC-10bit][FLACx2].mkv
в”Ӯ   в”Ӯ   в”ңв”Җв”Җ [DBD-Raws][Toaru Kagaku no Railgun T][15][1080P][BDRip][HEVC-10bit][FLACx2].sc.ass
в”Ӯ   в”Ӯ   в”ңв”Җв”Җ [DBD-Raws][Toaru Kagaku no Railgun T][15][1080P][BDRip][HEVC-10bit][FLACx2].tc.ass
в”Ӯ   в”Ӯ   в”ңв”Җв”Җ [DBD-Raws][Toaru Kagaku no Railgun T][16][1080P][BDRip][HEVC-10bit][FLAC].mkv
в”Ӯ   в”Ӯ   в”ңв”Җв”Җ [DBD-Raws][Toaru Kagaku no Railgun T][16][1080P][BDRip][HEVC-10bit][FLAC].sc.ass
в”Ӯ   в”Ӯ   в”ңв”Җв”Җ [DBD-Raws][Toaru Kagaku no Railgun T][16][1080P][BDRip][HEVC-10bit][FLAC].tc.ass
в”Ӯ   в”Ӯ   в”ңв”Җв”Җ [DBD-Raws][Toaru Kagaku no Railgun T][17][1080P][BDRip][HEVC-10bit][FLACx2].mkv
в”Ӯ   в”Ӯ   в”ңв”Җв”Җ [DBD-Raws][Toaru Kagaku no Railgun T][17][1080P][BDRip][HEVC-10bit][FLACx2].sc.ass
в”Ӯ   в”Ӯ   в”ңв”Җв”Җ [DBD-Raws][Toaru Kagaku no Railgun T][17][1080P][BDRip][HEVC-10bit][FLACx2].tc.ass
в”Ӯ   в”Ӯ   в”ңв”Җв”Җ [DBD-Raws][Toaru Kagaku no Railgun T][18][1080P][BDRip][HEVC-10bit][FLAC].mkv
в”Ӯ   в”Ӯ   в”ңв”Җв”Җ [DBD-Raws][Toaru Kagaku no Railgun T][18][1080P][BDRip][HEVC-10bit][FLAC].sc.ass
в”Ӯ   в”Ӯ   в”ңв”Җв”Җ [DBD-Raws][Toaru Kagaku no Railgun T][18][1080P][BDRip][HEVC-10bit][FLAC].tc.ass
в”Ӯ   в”Ӯ   в”ңв”Җв”Җ [DBD-Raws][Toaru Kagaku no Railgun T][19][1080P][BDRip][HEVC-10bit][FLAC].mkv
в”Ӯ   в”Ӯ   в”ңв”Җв”Җ [DBD-Raws][Toaru Kagaku no Railgun T][19][1080P][BDRip][HEVC-10bit][FLAC].sc.ass
в”Ӯ   в”Ӯ   в”ңв”Җв”Җ [DBD-Raws][Toaru Kagaku no Railgun T][19][1080P][BDRip][HEVC-10bit][FLAC].tc.ass
в”Ӯ   в”Ӯ   в”ңв”Җв”Җ [DBD-Raws][Toaru Kagaku no Railgun T][20][1080P][BDRip][HEVC-10bit][FLACx2].mkv
в”Ӯ   в”Ӯ   в”ңв”Җв”Җ [DBD-Raws][Toaru Kagaku no Railgun T][20][1080P][BDRip][HEVC-10bit][FLACx2].sc.ass
в”Ӯ   в”Ӯ   в”ңв”Җв”Җ [DBD-Raws][Toaru Kagaku no Railgun T][20][1080P][BDRip][HEVC-10bit][FLACx2].tc.ass
в”Ӯ   в”Ӯ   в”ңв”Җв”Җ [DBD-Raws][Toaru Kagaku no Railgun T][21][1080P][BDRip][HEVC-10bit][FLAC].mkv
в”Ӯ   в”Ӯ   в”ңв”Җв”Җ [DBD-Raws][Toaru Kagaku no Railgun T][21][1080P][BDRip][HEVC-10bit][FLAC].sc.ass
в”Ӯ   в”Ӯ   в”ңв”Җв”Җ [DBD-Raws][Toaru Kagaku no Railgun T][21][1080P][BDRip][HEVC-10bit][FLAC].tc.ass
в”Ӯ   в”Ӯ   в”ңв”Җв”Җ [DBD-Raws][Toaru Kagaku no Railgun T][22][1080P][BDRip][HEVC-10bit][FLAC].mkv
в”Ӯ   в”Ӯ   в”ңв”Җв”Җ [DBD-Raws][Toaru Kagaku no Railgun T][22][1080P][BDRip][HEVC-10bit][FLAC].sc.ass
в”Ӯ   в”Ӯ   в”ңв”Җв”Җ [DBD-Raws][Toaru Kagaku no Railgun T][22][1080P][BDRip][HEVC-10bit][FLAC].tc.ass
в”Ӯ   в”Ӯ   в”ңв”Җв”Җ [DBD-Raws][Toaru Kagaku no Railgun T][23][1080P][BDRip][HEVC-10bit][FLAC].mkv
в”Ӯ   в”Ӯ   в”ңв”Җв”Җ [DBD-Raws][Toaru Kagaku no Railgun T][23][1080P][BDRip][HEVC-10bit][FLAC].sc.ass
в”Ӯ   в”Ӯ   в”ңв”Җв”Җ [DBD-Raws][Toaru Kagaku no Railgun T][23][1080P][BDRip][HEVC-10bit][FLAC].tc.ass
в”Ӯ   в”Ӯ   в”ңв”Җв”Җ [DBD-Raws][Toaru Kagaku no Railgun T][24][1080P][BDRip][HEVC-10bit][FLAC].mkv
в”Ӯ   в”Ӯ   в”ңв”Җв”Җ [DBD-Raws][Toaru Kagaku no Railgun T][24][1080P][BDRip][HEVC-10bit][FLAC].sc.ass
в”Ӯ   в”Ӯ   в”ңв”Җв”Җ [DBD-Raws][Toaru Kagaku no Railgun T][24][1080P][BDRip][HEVC-10bit][FLAC].tc.ass
в”Ӯ   в”Ӯ   в”ңв”Җв”Җ [DBD-Raws][Toaru Kagaku no Railgun T][25][Director's Cut][1080P][BDRip][HEVC-10bit][FLACx2].mkv
в”Ӯ   в”Ӯ   в”ңв”Җв”Җ [DBD-Raws][Toaru Kagaku no Railgun T][25][Director's Cut][1080P][BDRip][HEVC-10bit][FLACx2].sc.ass
в”Ӯ   в”Ӯ   в”ңв”Җв”Җ [DBD-Raws][Toaru Kagaku no Railgun T][25][Director's Cut][1080P][BDRip][HEVC-10bit][FLACx2].tc.ass
в”Ӯ   в”Ӯ   в”ңв”Җв”Җ [DBD-Raws][Toaru Kagaku no Railgun T][25][On Air][1080P][BDRip][HEVC-10bit][FLAC].mkv
в”Ӯ   в”Ӯ   в”ңв”Җв”Җ [DBD-Raws][Toaru Kagaku no Railgun T][25][On Air][1080P][BDRip][HEVC-10bit][FLAC].sc.ass
в”Ӯ   в”Ӯ   в”ңв”Җв”Җ [DBD-Raws][Toaru Kagaku no Railgun T][25][On Air][1080P][BDRip][HEVC-10bit][FLAC].tc.ass
в”Ӯ   в”Ӯ   в”ңв”Җв”Җ [DBD-Raws][Toaru Kagaku no Railgun T][MMR][05][1080P][BDRip][HEVC-10bit][FLAC].mkv
в”Ӯ   в”Ӯ   в”ңв”Җв”Җ [DBD-Raws][Toaru Kagaku no Railgun T][MMR][05][1080P][BDRip][HEVC-10bit][FLAC].sc.ass
в”Ӯ   в”Ӯ   в”ңв”Җв”Җ [DBD-Raws][Toaru Kagaku no Railgun T][MMR][05][1080P][BDRip][HEVC-10bit][FLAC].tc.ass
в”Ӯ   в”Ӯ   в”ңв”Җв”Җ [DBD-Raws][Toaru Kagaku no Railgun T][MMR][06][1080P][BDRip][HEVC-10bit][FLAC].mkv
в”Ӯ   в”Ӯ   в”ңв”Җв”Җ [DBD-Raws][Toaru Kagaku no Railgun T][MMR][06][1080P][BDRip][HEVC-10bit][FLAC].sc.ass
в”Ӯ   в”Ӯ   в”ңв”Җв”Җ [DBD-Raws][Toaru Kagaku no Railgun T][MMR][06][1080P][BDRip][HEVC-10bit][FLAC].tc.ass
в”Ӯ   в”Ӯ   в””в”Җв”Җ menu
в”Ӯ   в”Ӯ       в”ңв”Җв”Җ [DBD-Raws][Toaru Kagaku no Railgun T][menu][01][1080P][BDRip][HEVC-10bit][FLAC].mkv
в”Ӯ   в”Ӯ       в”ңв”Җв”Җ [DBD-Raws][Toaru Kagaku no Railgun T][menu][02][1080P][BDRip][HEVC-10bit][FLAC].mkv
в”Ӯ   в”Ӯ       в”ңв”Җв”Җ [DBD-Raws][Toaru Kagaku no Railgun T][menu][03][1080P][BDRip][HEVC-10bit][FLAC].mkv
в”Ӯ   в”Ӯ       в”ңв”Җв”Җ [DBD-Raws][Toaru Kagaku no Railgun T][menu][04][1080P][BDRip][HEVC-10bit][FLAC].mkv
в”Ӯ   в”Ӯ       в”ңв”Җв”Җ [DBD-Raws][Toaru Kagaku no Railgun T][menu][05][1080P][BDRip][HEVC-10bit][FLAC].mkv
в”Ӯ   в”Ӯ       в”ңв”Җв”Җ [DBD-Raws][Toaru Kagaku no Railgun T][menu][06][1080P][BDRip][HEVC-10bit][FLAC].mkv
в”Ӯ   в”Ӯ       в”ңв”Җв”Җ [DBD-Raws][Toaru Kagaku no Railgun T][menu][07][1080P][BDRip][HEVC-10bit][FLAC].mkv
в”Ӯ   в”Ӯ       в””в”Җв”Җ [DBD-Raws][Toaru Kagaku no Railgun T][menu][08][1080P][BDRip][HEVC-10bit][FLAC].mkv
в”Ӯ   в”ңв”Җв”Җ autoLinkLog
в”Ӯ   в”Ӯ   в””в”Җв”Җ auto_link.log
в”Ӯ   в”ңв”Җв”Җ е№ҪзҒөйҹід№җдјҡ
в”Ӯ   в”Ӯ   в””в”Җв”Җ Season 1
в”Ӯ   в”Ӯ       в”ңв”Җв”Җ GHOST CONCERT пјҡ еӨұиҗҪд№ӢжӯҢ S01E02.mp4
в”Ӯ   в”Ӯ       в”ңв”Җв”Җ GHOST CONCERT пјҡ еӨұиҗҪд№ӢжӯҢ S01E03.mp4
в”Ӯ   в”Ӯ       в”ңв”Җв”Җ GHOST CONCERT пјҡ еӨұиҗҪд№ӢжӯҢ S01E04.mp4
в”Ӯ   в”Ӯ       в”ңв”Җв”Җ GHOST CONCERT пјҡ еӨұиҗҪд№ӢжӯҢ S01E05.mp4
в”Ӯ   в”Ӯ       в”ңв”Җв”Җ GHOST CONCERT пјҡ еӨұиҗҪд№ӢжӯҢ S01E06.mp4
в”Ӯ   в”Ӯ       в”ңв”Җв”Җ GHOST CONCERT пјҡ еӨұиҗҪд№ӢжӯҢ S01E07.mp4
в”Ӯ   в”Ӯ       в”ңв”Җв”Җ GHOST CONCERT пјҡ еӨұиҗҪд№ӢжӯҢ S01E08.mp4
в”Ӯ   в”Ӯ       в”ңв”Җв”Җ GHOST CONCERT пјҡ еӨұиҗҪд№ӢжӯҢ S01E09.mp4
в”Ӯ   в”Ӯ       в”ңв”Җв”Җ GHOST CONCERT пјҡ еӨұиҗҪд№ӢжӯҢ S01E10.mp4
в”Ӯ   в”Ӯ       в”ңв”Җв”Җ GHOST CONCERT пјҡ еӨұиҗҪд№ӢжӯҢ S01E11.mp4
в”Ӯ   в”Ӯ       в””в”Җв”Җ GHOST CONCERT пјҡ еӨұиҗҪд№ӢжӯҢ S01E12.mp4
в”Ӯ   в”ңв”Җв”Җ жӢ”дҪңеІӣ
в”Ӯ   в”Ӯ   в””в”Җв”Җ Season 1
в”Ӯ   в”Ӯ       в”ңв”Җв”Җ NUKITASHI дҪҸеңЁжӢ”дҪңеі¶дёҠзҡ„жҲ‘и©ІеҰӮдҪ•жҳҜеҘҪпјҹ S01E01.mp4
в”Ӯ   в”Ӯ       в”ңв”Җв”Җ NUKITASHI дҪҸеңЁжӢ”дҪңеі¶дёҠзҡ„жҲ‘и©ІеҰӮдҪ•жҳҜеҘҪпјҹ S01E02.mp4
в”Ӯ   в”Ӯ       в”ңв”Җв”Җ NUKITASHI дҪҸеңЁжӢ”дҪңеі¶дёҠзҡ„жҲ‘и©ІеҰӮдҪ•жҳҜеҘҪпјҹ S01E03.mp4
в”Ӯ   в”Ӯ       в”ңв”Җв”Җ NUKITASHI дҪҸеңЁжӢ”дҪңеі¶дёҠзҡ„жҲ‘и©ІеҰӮдҪ•жҳҜеҘҪпјҹ S01E04.mp4
в”Ӯ   в”Ӯ       в”ңв”Җв”Җ NUKITASHI дҪҸеңЁжӢ”дҪңеі¶дёҠзҡ„жҲ‘и©ІеҰӮдҪ•жҳҜеҘҪпјҹ S01E05.mp4
в”Ӯ   в”Ӯ       в”ңв”Җв”Җ NUKITASHI дҪҸеңЁжӢ”дҪңеі¶дёҠзҡ„жҲ‘и©ІеҰӮдҪ•жҳҜеҘҪпјҹ S01E06.mp4
в”Ӯ   в”Ӯ       в”ңв”Җв”Җ NUKITASHI дҪҸеңЁжӢ”дҪңеі¶дёҠзҡ„жҲ‘и©ІеҰӮдҪ•жҳҜеҘҪпјҹ S01E07.mp4
в”Ӯ   в”Ӯ       в”ңв”Җв”Җ NUKITASHI дҪҸеңЁжӢ”дҪңеі¶дёҠзҡ„жҲ‘и©ІеҰӮдҪ•жҳҜеҘҪпјҹ S01E08.mp4
в”Ӯ   в”Ӯ       в”ңв”Җв”Җ NUKITASHI дҪҸеңЁжӢ”дҪңеі¶дёҠзҡ„жҲ‘и©ІеҰӮдҪ•жҳҜеҘҪпјҹ S01E09.mp4
в”Ӯ   в”Ӯ       в”ңв”Җв”Җ NUKITASHI дҪҸеңЁжӢ”дҪңеі¶дёҠзҡ„жҲ‘и©ІеҰӮдҪ•жҳҜеҘҪпјҹ S01E10.mp4
в”Ӯ   в”Ӯ       в””в”Җв”Җ NUKITASHI дҪҸеңЁжӢ”дҪңеі¶дёҠзҡ„жҲ‘и©ІеҰӮдҪ•жҳҜеҘҪпјҹ S01E11.mp4
в”Ӯ   в”ңв”Җв”Җ ж–° еҗҠеёҰиўңеӨ©дҪҝ
в”Ӯ   в”Ӯ   в””в”Җв”Җ Season 1
в”Ӯ   в”Ӯ       в”ңв”Җв”Җ ж–°еҗҠеё¶иҘӘеӨ©дҪҝ S01E03.mp4
в”Ӯ   в”Ӯ       в”ңв”Җв”Җ ж–°еҗҠеё¶иҘӘеӨ©дҪҝ S01E04.mp4
в”Ӯ   в”Ӯ       в”ңв”Җв”Җ ж–°еҗҠеё¶иҘӘеӨ©дҪҝ S01E05.mp4
в”Ӯ   в”Ӯ       в”ңв”Җв”Җ ж–°еҗҠеё¶иҘӘеӨ©дҪҝ S01E06.mp4
в”Ӯ   в”Ӯ       в”ңв”Җв”Җ ж–°еҗҠеё¶иҘӘеӨ©дҪҝ S01E07.mp4
в”Ӯ   в”Ӯ       в”ңв”Җв”Җ ж–°еҗҠеё¶иҘӘеӨ©дҪҝ S01E08.mp4
в”Ӯ   в”Ӯ       в”ңв”Җв”Җ ж–°еҗҠеё¶иҘӘеӨ©дҪҝ S01E09.mp4
в”Ӯ   в”Ӯ       в”ңв”Җв”Җ ж–°еҗҠеё¶иҘӘеӨ©дҪҝ S01E10.mp4
в”Ӯ   в”Ӯ       в””в”Җв”Җ ж–°еҗҠеё¶иҘӘеӨ©дҪҝ S01E11.mp4
в”Ӯ   в”ңв”Җв”Җ зў§и“қд№Ӣжө·
в”Ӯ   в”Ӯ   в””в”Җв”Җ Season 2
в”Ӯ   в”Ӯ       в”ңв”Җв”Җ Grand Blue S02E01.mkv
в”Ӯ   в”Ӯ       в”ңв”Җв”Җ Grand Blue S02E02.mkv
в”Ӯ   в”Ӯ       в”ңв”Җв”Җ Grand Blue S02E03.mkv
в”Ӯ   в”Ӯ       в”ңв”Җв”Җ Grand Blue S02E04.mkv
в”Ӯ   в”Ӯ       в”ңв”Җв”Җ Grand Blue S02E05.mkv
в”Ӯ   в”Ӯ       в”ңв”Җв”Җ Grand Blue S02E06.mkv
в”Ӯ   в”Ӯ       в”ңв”Җв”Җ Grand Blue S02E07.mkv
в”Ӯ   в”Ӯ       в”ңв”Җв”Җ Grand Blue S02E08.mkv
в”Ӯ   в”Ӯ       в”ңв”Җв”Җ Grand Blue S02E09.mkv
в”Ӯ   в”Ӯ       в”ңв”Җв”Җ Grand Blue S02E10.mkv
в”Ӯ   в”Ӯ       в”ңв”Җв”Җ Grand Blue S02E11.mkv
в”Ӯ   в”Ӯ       в””в”Җв”Җ Grand Blue S02E12.mkv
в”Ӯ   в”ңв”Җв”Җ иғҶеӨ§е…ҡ
в”Ӯ   в”Ӯ   в””в”Җв”Җ Season 1
в”Ӯ   в”Ӯ       в”ңв”Җв”Җ Dandadan S01E15.mkv
в”Ӯ   в”Ӯ       в”ңв”Җв”Җ Dandadan S01E16.mkv
в”Ӯ   в”Ӯ       в”ңв”Җв”Җ Dandadan S01E17.mkv
в”Ӯ   в”Ӯ       в”ңв”Җв”Җ Dandadan S01E18.mkv
в”Ӯ   в”Ӯ       в”ңв”Җв”Җ Dandadan S01E19.mkv
в”Ӯ   в”Ӯ       в”ңв”Җв”Җ Dandadan S01E20.mkv
в”Ӯ   в”Ӯ       в”ңв”Җв”Җ Dandadan S01E21.mkv
в”Ӯ   в”Ӯ       в”ңв”Җв”Җ Dandadan S01E22.mkv
в”Ӯ   в”Ӯ       в”ңв”Җв”Җ Dandadan S01E23.mkv
в”Ӯ   в”Ӯ       в””в”Җв”Җ Dandadan S01E24.mkv
в”Ӯ   в”ңв”Җв”Җ иөӣй©¬еЁҳ иҠҰжҜӣзҒ°е§‘еЁҳ (2025)
в”Ӯ   в”Ӯ   в””в”Җв”Җ Season 1
в”Ӯ   в”Ӯ       в”ңв”Җв”Җ Umamusume Cinderella Gray S01E01.mkv
в”Ӯ   в”Ӯ       в”ңв”Җв”Җ Umamusume Cinderella Gray S01E02.mkv
в”Ӯ   в”Ӯ       в”ңв”Җв”Җ Umamusume Cinderella Gray S01E10.mkv
в”Ӯ   в”Ӯ       в”ңв”Җв”Җ Umamusume Cinderella Gray S01E11.mkv
в”Ӯ   в”Ӯ       в”ңв”Җв”Җ Umamusume Cinderella Gray S01E12.mkv
в”Ӯ   в”Ӯ       в”ңв”Җв”Җ Umamusume Cinderella Gray S01E13.mkv
в”Ӯ   в”Ӯ       в”ңв”Җв”Җ Umamusume Cinderella Gray S01E14.mkv
в”Ӯ   в”Ӯ       в”ңв”Җв”Җ [OguriClub&S1YURICON] Umamusume Cinderella Gray[03][1080p][WebRip][AVC_EAC3][CHS].mkv
в”Ӯ   в”Ӯ       в”ңв”Җв”Җ [OguriClub&S1YURICON] Umamusume Cinderella Gray[04][1080p][WebRip][AVC_EAC3][CHS].mp4
в”Ӯ   в”Ӯ       в”ңв”Җв”Җ [OguriClub&S1YURICON] Umamusume Cinderella Gray[05][1080p][WebRip][AVC_EAC3][CHS].mkv
в”Ӯ   в”Ӯ       в”ңв”Җв”Җ [OguriClub&S1YURICON] Umamusume Cinderella Gray[06][1080p][WebRip][AVC_EAC3][CHS].mkv
в”Ӯ   в”Ӯ       в”ңв”Җв”Җ [OguriClub&S1YURICON] Umamusume Cinderella Gray[07][1080p][WebRip][AVC_EAC3][CHS].mkv
в”Ӯ   в”Ӯ       в”ңв”Җв”Җ [OguriClub&S1YURICON] Umamusume Cinderella Gray[08][1080p][WebRip][AVC_EAC3][CHS].mkv
в”Ӯ   в”Ӯ       в””в”Җв”Җ [OguriClub&S1YURICON] Umamusume Cinderella Gray[09][1080p][WebRip][AVC_EAC3][CHS].mkv
в”Ӯ   в”ңв”Җв”Җ иөӣй©¬еЁҳ иҠҰжҜӣзҒ°е§‘еЁҳ з¬¬2йғЁеҲҶ
в”Ӯ   в”Ӯ   в””в”Җв”Җ Season 1
в”Ӯ   в”Ӯ       в”ңв”Җв”Җ Uma Musume: Cinderella Gray S01E18.mp4
в”Ӯ   в”Ӯ       в”ңв”Җв”Җ Uma Musume: Cinderella Gray S01E19.mp4
в”Ӯ   в”Ӯ       в”ңв”Җв”Җ Uma Musume: Cinderella Gray S01E20.mp4
в”Ӯ   в”Ӯ       в”ңв”Җв”Җ Uma Musume: Cinderella Gray S01E21.mp4
в”Ӯ   в”Ӯ       в”ңв”Җв”Җ Uma Musume: Cinderella Gray S01E22.mp4
в”Ӯ   в”Ӯ       в””в”Җв”Җ Uma Musume: Cinderella Gray S01E23.mp4
в”Ӯ   в””в”Җв”Җ й—ҙи°ҚиҝҮе®¶е®¶
в”Ӯ       в””в”Җв”Җ Season 1
в”Ӯ           в”ңв”Җв”Җ Spy x Family S01E40.mkv
в”Ӯ           в”ңв”Җв”Җ Spy x Family S01E41.mkv
в”Ӯ           в”ңв”Җв”Җ Spy x Family S01E42.mkv
в”Ӯ           в””в”Җв”Җ Spy x Family S01E43.mkv
в”ңв”Җв”Җ BangumiCollection
в”ңв”Җв”Җ Frieren Beyond Journeys End S02E01.mkv
в”ңв”Җв”Җ HMN-239-HD
в”Ӯ   в”ңв”Җв”Җ HMN-239-C.jpg
в”Ӯ   в”ңв”Җв”Җ HMN-239-EP.mp4
в”Ӯ   в”ңв”Җв”Җ HMN-239-HD.mp4
в”Ӯ   в”ңв”Җв”Җ HMN-239.jpg
в”Ӯ   в””в”Җв”Җ гҖҗжһҒе“ҒжҲҗдәәжүӢжёёгҖ‘ж”ҫзҪ®дј иҜҙ ! дёүдёҠеҢ–иә«жӯҢе§¬пјҢеҸҜд»ҘеҜ№еҘ№еқҸеқҸе”·~.mp4
в”ңв”Җв”Җ Meni-Shuki-Rush-sshu.mp4
в”ңв”Җв”Җ Panty.and.Stocking.with.Garterbelt.S02E05.10.11.12.1080p.AMZN.WEB-DL.DUAL.DDP5.1.H.264-VARYG.mkv
в”ңв”Җв”Җ YTDown.com_Shorts_Media_QJqSY6GSUTE_001_1080p.mp4
в”ңв”Җв”Җ [KitaujiSub] Uma Musume Pretty Derby Beginning of a New Era [Movie][WebRip][HEVC_AAC][CHS].mp4
в”ңв”Җв”Җ [LoliHouse] Chainsaw Man - The Compilation [WebRip 1080p HEVC-10bit AAC]
в”Ӯ   в”ңв”Җв”Җ [LoliHouse] Chainsaw Man - The Compilation - 01 [WebRip 1080p HEVC-10bit AAC SRTx2].mkv
в”Ӯ   в””в”Җв”Җ [LoliHouse] Chainsaw Man - The Compilation - 02 [WebRip 1080p HEVC-10bit AAC SRTx2].mkv
в”ңв”Җв”Җ [SweetSub] Horimiya [01-13][BDRip 1080P HEVC-10bit FLAC CHS&CHT]
в”Ӯ   в”ңв”Җв”Җ Bonus
в”Ӯ   в”Ӯ   в”ңв”Җв”Җ [SweetSub] Horimiya - Blu-ray & DVD Vol.01 CM [BDRip 1080p HEVC-10bit FLAC].mkv
в”Ӯ   в”Ӯ   в”ңв”Җв”Җ [SweetSub] Horimiya - CM [BDRip 1080p HEVC-10bit FLAC].mkv
в”Ӯ   в”Ӯ   в”ңв”Җв”Җ [SweetSub] Horimiya - Menu (Vol.1) [BDRip 1080p HEVC-10bit FLAC].mkv
в”Ӯ   в”Ӯ   в”ңв”Җв”Җ [SweetSub] Horimiya - Menu (Vol.2) [BDRip 1080p HEVC-10bit FLAC].mkv
в”Ӯ   в”Ӯ   в”ңв”Җв”Җ [SweetSub] Horimiya - Menu (Vol.3) [BDRip 1080p HEVC-10bit FLAC].mkv
в”Ӯ   в”Ӯ   в”ңв”Җв”Җ [SweetSub] Horimiya - Menu (Vol.4) [BDRip 1080p HEVC-10bit FLAC].mkv
в”Ӯ   в”Ӯ   в”ңв”Җв”Җ [SweetSub] Horimiya - Menu (Vol.5) [BDRip 1080p HEVC-10bit FLAC].mkv
в”Ӯ   в”Ӯ   в”ңв”Җв”Җ [SweetSub] Horimiya - Menu (Vol.6) [BDRip 1080p HEVC-10bit FLAC].mkv
в”Ӯ   в”Ӯ   в”ңв”Җв”Җ [SweetSub] Horimiya - Menu (vol.7) [BDRip 1080p HEVC-10bit FLAC].mkv
в”Ӯ   в”Ӯ   в”ңв”Җв”Җ [SweetSub] Horimiya - NCED (page.13 ver.) [BDRip 1080p HEVC-10bit FLAC].mkv
в”Ӯ   в”Ӯ   в”ңв”Җв”Җ [SweetSub] Horimiya - NCED [BDRip 1080p HEVC-10bit FLAC].mkv
в”Ӯ   в”Ӯ   в”ңв”Җв”Җ [SweetSub] Horimiya - OPv1 [BDRip 1080p HEVC-10bit FLAC].mkv
в”Ӯ   в”Ӯ   в”ңв”Җв”Җ [SweetSub] Horimiya - OPv2 [BDRip 1080p HEVC-10bit FLAC].mkv
в”Ӯ   в”Ӯ   в”ңв”Җв”Җ [SweetSub] Horimiya - PV [BDRip 1080p HEVC-10bit FLAC].mkv
в”Ӯ   в”Ӯ   в”ңв”Җв”Җ [SweetSub] Horimiya - Special EventгҖҢHARMONY PARKгҖҚDigest Movie [BDRip 1080p HEVC-10bit FLAC].mkv
в”Ӯ   в”Ӯ   в”ңв”Җв”Җ [SweetSub] Horimiya - Teaser PV 1 (Hori&Miyamura ver.) [BDRip 1080p HEVC-10bit FLAC].mkv
в”Ӯ   в”Ӯ   в”ңв”Җв”Җ [SweetSub] Horimiya - Teaser PV 2 (Ishikawa&Yuki ver.)  [BDRip 1080p HEVC-10bit FLAC].mkv
в”Ӯ   в”Ӯ   в”ңв”Җв”Җ [SweetSub] Horimiya - Teaser PV 3 (Sengoku&Remi&Sakura ver.)  [BDRip 1080p HEVC-10bit FLAC].mkv
в”Ӯ   в”Ӯ   в”ңв”Җв”Җ [SweetSub] Horimiya - Web Preview 01 [BDRip 1080p HEVC-10bit FLAC CHS&CHT].mkv
в”Ӯ   в”Ӯ   в”ңв”Җв”Җ [SweetSub] Horimiya - Web Preview 02 [BDRip 1080p HEVC-10bit FLAC CHS&CHT].mkv
в”Ӯ   в”Ӯ   в”ңв”Җв”Җ [SweetSub] Horimiya - Web Preview 03 [BDRip 1080p HEVC-10bit FLAC CHS&CHT].mkv
в”Ӯ   в”Ӯ   в”ңв”Җв”Җ [SweetSub] Horimiya - Web Preview 04 [BDRip 1080p HEVC-10bit FLAC CHS&CHT].mkv
в”Ӯ   в”Ӯ   в”ңв”Җв”Җ [SweetSub] Horimiya - Web Preview 05 [BDRip 1080p HEVC-10bit FLAC CHS&CHT].mkv
в”Ӯ   в”Ӯ   в”ңв”Җв”Җ [SweetSub] Horimiya - Web Preview 06 [BDRip 1080p HEVC-10bit FLAC CHS&CHT].mkv
в”Ӯ   в”Ӯ   в”ңв”Җв”Җ [SweetSub] Horimiya - Web Preview 07 [BDRip 1080p HEVC-10bit FLAC CHS&CHT].mkv
в”Ӯ   в”Ӯ   в”ңв”Җв”Җ [SweetSub] Horimiya - Web Preview 08 [BDRip 1080p HEVC-10bit FLAC CHS&CHT].mkv
в”Ӯ   в”Ӯ   в”ңв”Җв”Җ [SweetSub] Horimiya - Web Preview 09 [BDRip 1080p HEVC-10bit FLAC CHS&CHT].mkv
в”Ӯ   в”Ӯ   в”ңв”Җв”Җ [SweetSub] Horimiya - Web Preview 10 [BDRip 1080p HEVC-10bit FLAC CHS&CHT].mkv
в”Ӯ   в”Ӯ   в”ңв”Җв”Җ [SweetSub] Horimiya - Web Preview 11 [BDRip 1080p HEVC-10bit FLAC CHS&CHT].mkv
в”Ӯ   в”Ӯ   в”ңв”Җв”Җ [SweetSub] Horimiya - Web Preview 12 [BDRip 1080p HEVC-10bit FLAC CHS&CHT].mkv
в”Ӯ   в”Ӯ   в””в”Җв”Җ [SweetSub] Horimiya - Web Preview 13 [BDRip 1080p HEVC-10bit FLAC CHS&CHT].mkv
в”Ӯ   в”ңв”Җв”Җ [SweetSub] Horimiya - 01 [BDRip 1080p HEVC-10bit FLAC CHS&CHT].mkv
в”Ӯ   в”ңв”Җв”Җ [SweetSub] Horimiya - 02 [BDRip 1080p HEVC-10bit FLAC CHS&CHT].mkv
в”Ӯ   в”ңв”Җв”Җ [SweetSub] Horimiya - 03 [BDRip 1080p HEVC-10bit FLAC CHS&CHT].mkv
в”Ӯ   в”ңв”Җв”Җ [SweetSub] Horimiya - 04 [BDRip 1080p HEVC-10bit FLAC CHS&CHT].mkv
в”Ӯ   в”ңв”Җв”Җ [SweetSub] Horimiya - 05 [BDRip 1080p HEVC-10bit FLAC CHS&CHT].mkv
в”Ӯ   в”ңв”Җв”Җ [SweetSub] Horimiya - 06 [BDRip 1080p HEVC-10bit FLAC CHS&CHT].mkv
в”Ӯ   в”ңв”Җв”Җ [SweetSub] Horimiya - 07 [BDRip 1080p HEVC-10bit FLAC CHS&CHT].mkv
в”Ӯ   в”ңв”Җв”Җ [SweetSub] Horimiya - 08 [BDRip 1080p HEVC-10bit FLAC CHS&CHT].mkv
в”Ӯ   в”ңв”Җв”Җ [SweetSub] Horimiya - 09 [BDRip 1080p HEVC-10bit FLAC CHS&CHT].mkv
в”Ӯ   в”ңв”Җв”Җ [SweetSub] Horimiya - 10 [BDRip 1080p HEVC-10bit FLAC CHS&CHT].mkv
в”Ӯ   в”ңв”Җв”Җ [SweetSub] Horimiya - 11 [BDRip 1080p HEVC-10bit FLAC CHS&CHT].mkv
в”Ӯ   в”ңв”Җв”Җ [SweetSub] Horimiya - 12 [BDRip 1080p HEVC-10bit FLAC CHS&CHT].mkv
в”Ӯ   в””в”Җв”Җ [SweetSub] Horimiya - 13 [BDRip 1080p HEVC-10bit FLAC CHS&CHT].mkv
в”ңв”Җв”Җ _Umapyoi-Densetsu.mp4
в”ңв”Җв”Җ anime_renamer.sh
в”ңв”Җв”Җ change_own.sh
в”ңв”Җв”Җ hardlink_creator.sh
в”ңв”Җв”Җ еҮүе®«жҳҘж—Ҙзҡ„еҝ§йғҒ
в”Ӯ   в”ңв”Җв”Җ Suzumiya Haruhi no Yuuutsu (2009) [Doki][1920x1080 h264 BD FLAC].txt
в”Ӯ   в”ңв”Җв”Җ [Doki] Suzumiya Haruhi no Yuuutsu (2009) - 01 (1920x1080 h264 BD FLAC) [367D762A].mkv
в”Ӯ   в”ңв”Җв”Җ [Doki] Suzumiya Haruhi no Yuuutsu (2009) - 02 (1920x1080 h264 BD FLAC) [648BC775].mkv
в”Ӯ   в”ңв”Җв”Җ [Doki] Suzumiya Haruhi no Yuuutsu (2009) - 03 (1920x1080 h264 BD FLAC) [AD7888FB].mkv
в”Ӯ   в”ңв”Җв”Җ [Doki] Suzumiya Haruhi no Yuuutsu (2009) - 04 (1920x1080 h264 BD FLAC) [BA124D0B].mkv
в”Ӯ   в”ңв”Җв”Җ [Doki] Suzumiya Haruhi no Yuuutsu (2009) - 05 (1920x1080 h264 BD FLAC) [B3813F75].mkv
в”Ӯ   в”ңв”Җв”Җ [Doki] Suzumiya Haruhi no Yuuutsu (2009) - 06 (1920x1080 h264 BD FLAC) [3695950B].mkv
в”Ӯ   в”ңв”Җв”Җ [Doki] Suzumiya Haruhi no Yuuutsu (2009) - 07 (1920x1080 h264 BD FLAC) [2C8D27D1].mkv
в”Ӯ   в”ңв”Җв”Җ [Doki] Suzumiya Haruhi no Yuuutsu (2009) - 08 (1920x1080 h264 BD FLAC) [79EC4B68].mkv
в”Ӯ   в”ңв”Җв”Җ [Doki] Suzumiya Haruhi no Yuuutsu (2009) - 09 (1920x1080 h264 BD FLAC) [8F16B32A].mkv
в”Ӯ   в”ңв”Җв”Җ [Doki] Suzumiya Haruhi no Yuuutsu (2009) - 10 (1920x1080 h264 BD FLAC) [FD25DE4A].mkv
в”Ӯ   в”ңв”Җв”Җ [Doki] Suzumiya Haruhi no Yuuutsu (2009) - 11 (1920x1080 h264 BD FLAC) [AD5B37E6].mkv
в”Ӯ   в”ңв”Җв”Җ [Doki] Suzumiya Haruhi no Yuuutsu (2009) - 12v2 (1920x1080 h264 BD FLAC) [165EAFBD].mkv
в”Ӯ   в”ңв”Җв”Җ [Doki] Suzumiya Haruhi no Yuuutsu (2009) - 13v2 (1920x1080 h264 BD FLAC) [ADCF8FD2].mkv
в”Ӯ   в”ңв”Җв”Җ [Doki] Suzumiya Haruhi no Yuuutsu (2009) - 14 (1920x1080 h264 BD FLAC) [00015499].mkv
в”Ӯ   в”ңв”Җв”Җ [Doki] Suzumiya Haruhi no Yuuutsu (2009) - 15 (1920x1080 h264 BD FLAC) [00015513].mkv
в”Ӯ   в”ңв”Җв”Җ [Doki] Suzumiya Haruhi no Yuuutsu (2009) - 16 (1920x1080 h264 BD FLAC) [048C2993].mkv
в”Ӯ   в”ңв”Җв”Җ [Doki] Suzumiya Haruhi no Yuuutsu (2009) - 17 (1920x1080 h264 BD FLAC) [00015524].mkv
в”Ӯ   в”ңв”Җв”Җ [Doki] Suzumiya Haruhi no Yuuutsu (2009) - 18 (1920x1080 h264 BD FLAC) [00015527].mkv
в”Ӯ   в”ңв”Җв”Җ [Doki] Suzumiya Haruhi no Yuuutsu (2009) - 19v2 (1920x1080 h264 BD FLAC) [538D2486].mkv
в”Ӯ   в”ңв”Җв”Җ [Doki] Suzumiya Haruhi no Yuuutsu (2009) - 20 (1920x1080 h264 BD FLAC) [8BFF3A43].mkv
в”Ӯ   в”ңв”Җв”Җ [Doki] Suzumiya Haruhi no Yuuutsu (2009) - 21 (1920x1080 h264 BD FLAC) [DB5154DE].mkv
в”Ӯ   в”ңв”Җв”Җ [Doki] Suzumiya Haruhi no Yuuutsu (2009) - 22v2 (1920x1080 h264 BD FLAC) [6815C596].mkv
в”Ӯ   в”ңв”Җв”Җ [Doki] Suzumiya Haruhi no Yuuutsu (2009) - 23 (1920x1080 h264 BD FLAC) [DA18C4E7].mkv
в”Ӯ   в”ңв”Җв”Җ [Doki] Suzumiya Haruhi no Yuuutsu (2009) - 24v2 (1920x1080 h264 BD FLAC) [D2756A93].mkv
в”Ӯ   в”ңв”Җв”Җ [Doki] Suzumiya Haruhi no Yuuutsu (2009) - 25 (1920x1080 h264 BD FLAC) [883A660F].mkv
в”Ӯ   в”ңв”Җв”Җ [Doki] Suzumiya Haruhi no Yuuutsu (2009) - 26 (1920x1080 h264 BD FLAC) [ECDD2CFD].mkv
в”Ӯ   в”ңв”Җв”Җ [Doki] Suzumiya Haruhi no Yuuutsu (2009) - 27 (1920x1080 h264 BD FLAC) [5EB519E8].mkv
в”Ӯ   в”ңв”Җв”Җ [Doki] Suzumiya Haruhi no Yuuutsu (2009) - 28 (1920x1080 h264 BD FLAC) [D2F0D329].mkv
в”Ӯ   в””в”Җв”Җ [Doki] Suzumiya Haruhi no Yuuutsu - TV Version Special ED (1920x1080 h264 BD FLAC) [0DABAE6B].mkv
в”ңв”Җв”Җ е°Ҹйӯ”еҘіеӯҰеӣӯ
в”Ӯ   в”ңв”Җв”Җ [DMG] гғӘгғҲгғ«гӮҰгӮЈгғғгғҒгӮўгӮ«гғҮгғҹгӮў [BDRip][Fonts](456C159E).rar
в”Ӯ   в”ңв”Җв”Җ е°Ҹйӯ”еҘіеӯҰеӣӯ (2013)
в”Ӯ   в”Ӯ   в”ңв”Җв”Җ [DMG] гғӘгғҲгғ«гӮҰгӮЈгғғгғҒгӮўгӮ«гғҮгғҹгӮў OVA Menu [BDRip][PNG].png
в”Ӯ   в”Ӯ   в”ңв”Җв”Җ [DMG] гғӘгғҲгғ«гӮҰгӮЈгғғгғҒгӮўгӮ«гғҮгғҹгӮў OVA Tokuten OST CD (D35A7382).rar
в”Ӯ   в”Ӯ   в”ңв”Җв”Җ [DMG] гғӘгғҲгғ«гӮҰгӮЈгғғгғҒгӮўгӮ«гғҮгғҹгӮў OVA [BDRip][AVC_FLAC_PSG][1080P_Hi10P](47B8CF65).chs.ass
в”Ӯ   в”Ӯ   в”ңв”Җв”Җ [DMG] гғӘгғҲгғ«гӮҰгӮЈгғғгғҒгӮўгӮ«гғҮгғҹгӮў OVA [BDRip][AVC_FLAC_PSG][1080P_Hi10P](47B8CF65).cht.ass
в”Ӯ   в”Ӯ   в”ңв”Җв”Җ [DMG] гғӘгғҲгғ«гӮҰгӮЈгғғгғҒгӮўгӮ«гғҮгғҹгӮў OVA [BDRip][AVC_FLAC_PSG][1080P_Hi10P](47B8CF65).mkv
в”Ӯ   в”Ӯ   в”ңв”Җв”Җ [DMG] гғӘгғҲгғ«гӮҰгӮЈгғғгғҒгӮўгӮ«гғҮгғҹгӮў OVA [BDRip][Scan](FD95143F).rar
в”Ӯ   в”Ӯ   в””в”Җв”Җ [DMG] гғӘгғҲгғ«гӮҰгӮЈгғғгғҒгӮўгӮ«гғҮгғҹгӮў OVA гғЎгӮӨгӮӯгғігӮ° [BDRip][AVC_FLAC_PSG][1080P_Hi10P](C2ABFEE0).mkv
в”Ӯ   в””в”Җв”Җ е°Ҹйӯ”еҘіеӯҰеӣӯпјҡйӯ”жі•жёёиЎҢ (2015)
в”Ӯ       в”ңв”Җв”Җ [DMG] еҠҮе ҙзүҲ гғӘгғҲгғ«гӮҰгӮЈгғғгғҒгӮўгӮ«гғҮгғҹгӮў йӯ”жі•д»•жҺӣгҒ‘гҒ®гғ‘гғ¬гғјгғү Menu [BDRip][PNG].png
в”Ӯ       в”ңв”Җв”Җ [DMG] еҠҮе ҙзүҲ гғӘгғҲгғ«гӮҰгӮЈгғғгғҒгӮўгӮ«гғҮгғҹгӮў йӯ”жі•д»•жҺӣгҒ‘гҒ®гғ‘гғ¬гғјгғү Tokuten OST CD (7FB71968).rar
в”Ӯ       в”ңв”Җв”Җ [DMG] еҠҮе ҙзүҲ гғӘгғҲгғ«гӮҰгӮЈгғғгғҒгӮўгӮ«гғҮгғҹгӮў йӯ”жі•д»•жҺӣгҒ‘гҒ®гғ‘гғ¬гғјгғү [BDRip][AVC_FLAC_PSG][1080P_Hi10P](18A24164).chs.ass
в”Ӯ       в”ңв”Җв”Җ [DMG] еҠҮе ҙзүҲ гғӘгғҲгғ«гӮҰгӮЈгғғгғҒгӮўгӮ«гғҮгғҹгӮў йӯ”жі•д»•жҺӣгҒ‘гҒ®гғ‘гғ¬гғјгғү [BDRip][AVC_FLAC_PSG][1080P_Hi10P](18A24164).cht.ass
в”Ӯ       в”ңв”Җв”Җ [DMG] еҠҮе ҙзүҲ гғӘгғҲгғ«гӮҰгӮЈгғғгғҒгӮўгӮ«гғҮгғҹгӮў йӯ”жі•д»•жҺӣгҒ‘гҒ®гғ‘гғ¬гғјгғү [BDRip][AVC_FLAC_PSG][1080P_Hi10P](18A24164).mkv
в”Ӯ       в”ңв”Җв”Җ [DMG] еҠҮе ҙзүҲ гғӘгғҲгғ«гӮҰгӮЈгғғгғҒгӮўгӮ«гғҮгғҹгӮў йӯ”жі•д»•жҺӣгҒ‘гҒ®гғ‘гғ¬гғјгғү [BDRip][Scan](83EB5EAF).rar
в”Ӯ       в”ңв”Җв”Җ [DMG] еҠҮе ҙзүҲ гғӘгғҲгғ«гӮҰгӮЈгғғгғҒгӮўгӮ«гғҮгғҹгӮў йӯ”жі•д»•жҺӣгҒ‘гҒ®гғ‘гғ¬гғјгғү гғЎгӮӨгӮӯгғігӮ° [BDRip][AVC_FLAC_PSG][1080P_Hi10P](C09C48F5).mkv
в”Ӯ       в”ңв”Җв”Җ [EAC] [151007] жҳ з”» гғӘгғҲгғ«гӮҰгӮЈгғғгғҒгӮўгӮ«гғҮгғҹгӮў йӯ”жі•д»•жҺӣгҒ‘гҒ®гғ‘гғ¬гғјгғү дё»йЎҢжӯҢгҖҢMagic ParadeгҖҚпјҸеӨ§еҺҹгӮҶгҒ„еӯҗ (flac(24bits)).rar
в”Ӯ       в””в”Җв”Җ [EAC] [151007] жҳ з”» гғӘгғҲгғ«гӮҰгӮЈгғғгғҒгӮўгӮ«гғҮгғҹгӮў йӯ”жі•д»•жҺӣгҒ‘гҒ®гғ‘гғ¬гғјгғү дё»йЎҢжӯҢгҖҢMagic ParadeгҖҚпјҸеӨ§еҺҹгӮҶгҒ„еӯҗ (tak+jpg).rar
в”ңв”Җв”Җ зӣҙжӢҚ.mp4
в”ңв”Җв”Җ зӣҙжӢҚзҝ»иҪ¬вҖ”вҖ”дҪҝз”ЁClipchampеҲ¶дҪң.mp4
в””в”Җв”Җ й©¬е„ҝи·івҖ”вҖ”дҪҝз”ЁClipchampеҲ¶дҪң.mp4

74 directories, 596 files